[2025-08-29 10:05:52] ERROR: POST /api/auth/customer/login - Please verify your email first.  {
  "name": "AppError",
  "stack": "AppError: Please verify your email first.\n    at new AppError (C:\\Hanif (Penting)\\PURWADHIKA\\final-project\\final-project-backend\\src\\utils\\app.error.ts:14:11)\n    at AuthService.<anonymous> (C:\\Hanif (Penting)\\PURWADHIKA\\final-project\\final-project-backend\\src\\modules\\auth\\auth.service.ts:204:13)\n    at Generator.next (<anonymous>)\n    at fulfilled (C:\\Hanif (Penting)\\PURWADHIKA\\final-project\\final-project-backend\\src\\modules\\auth\\auth.service.ts:5:58)",
  "path": "/api/auth/customer/login",
  "method": "POST",
  "ip": "::1",
  "statusCode": 403
}
[2025-08-29 10:07:32] ERROR: POST /api/auth/customer/set-password/ed72c38ee17f0ff5e8c263413c34dacf075e36d46b67edd529e731ff3f0ae5b6 - Invalid or expired token  {
  "name": "AppError",
  "stack": "AppError: Invalid or expired token\n    at new AppError (C:\\Hanif (Penting)\\PURWADHIKA\\final-project\\final-project-backend\\src\\utils\\app.error.ts:14:11)\n    at AuthService.<anonymous> (C:\\Hanif (Penting)\\PURWADHIKA\\final-project\\final-project-backend\\src\\modules\\auth\\auth.service.ts:174:26)\n    at Generator.next (<anonymous>)\n    at fulfilled (C:\\Hanif (Penting)\\PURWADHIKA\\final-project\\final-project-backend\\src\\modules\\auth\\auth.service.ts:5:58)",
  "path": "/api/auth/customer/set-password/ed72c38ee17f0ff5e8c263413c34dacf075e36d46b67edd529e731ff3f0ae5b6",
  "method": "POST",
  "ip": "::1",
  "statusCode": 400
}
[2025-08-29 10:08:29] ERROR: PATCH /api/profile/edit - photoUrl must be a URL address  {
  "name": "AppError",
  "stack": "AppError: photoUrl must be a URL address\n    at new AppError (C:\\Hanif (Penting)\\PURWADHIKA\\final-project\\final-project-backend\\src\\utils\\app.error.ts:14:11)\n    at C:\\Hanif (Penting)\\PURWADHIKA\\final-project\\final-project-backend\\src\\middlewares\\validate.middleware.ts:18:13\n    at Generator.next (<anonymous>)\n    at fulfilled (C:\\Hanif (Penting)\\PURWADHIKA\\final-project\\final-project-backend\\src\\middlewares\\validate.middleware.ts:5:58)\n    at processTicksAndRejections (node:internal/process/task_queues:105:5)",
  "path": "/api/profile/edit",
  "method": "PATCH",
  "ip": "::1",
  "statusCode": 400
}
[2025-08-29 10:08:58] ERROR: PATCH /api/profile/edit - photoUrl must be a URL address  {
  "name": "AppError",
  "stack": "AppError: photoUrl must be a URL address\n    at new AppError (C:\\Hanif (Penting)\\PURWADHIKA\\final-project\\final-project-backend\\src\\utils\\app.error.ts:14:11)\n    at C:\\Hanif (Penting)\\PURWADHIKA\\final-project\\final-project-backend\\src\\middlewares\\validate.middleware.ts:18:13\n    at Generator.next (<anonymous>)\n    at fulfilled (C:\\Hanif (Penting)\\PURWADHIKA\\final-project\\final-project-backend\\src\\middlewares\\validate.middleware.ts:5:58)\n    at processTicksAndRejections (node:internal/process/task_queues:105:5)",
  "path": "/api/profile/edit",
  "method": "PATCH",
  "ip": "::1",
  "statusCode": 400
}
[2025-08-29 10:09:36] ERROR: PATCH /api/profile/edit/email - Internal server error. Please try again later!  {
  "name": "TypeError",
  "stack": "TypeError: Cannot read properties of undefined (reading 'constructor')\n    at ValidationExecutor.execute (C:\\Hanif (Penting)\\PURWADHIKA\\final-project\\final-project-backend\\node_modules\\src\\validation\\ValidationExecutor.ts:62:14)\n    at Validator.coreValidate (C:\\Hanif (Penting)\\PURWADHIKA\\final-project\\final-project-backend\\node_modules\\src\\validation\\Validator.ts:107:14)\n    at Validator.validate (C:\\Hanif (Penting)\\PURWADHIKA\\final-project\\final-project-backend\\node_modules\\src\\validation\\Validator.ts:32:17)\n    at validate (C:\\Hanif (Penting)\\PURWADHIKA\\final-project\\final-project-backend\\node_modules\\src\\index.ts:58:40)\n    at C:\\Hanif (Penting)\\PURWADHIKA\\final-project\\final-project-backend\\src\\middlewares\\validate.middleware.ts:11:34\n    at Generator.next (<anonymous>)\n    at C:\\Hanif (Penting)\\PURWADHIKA\\final-project\\final-project-backend\\src\\middlewares\\validate.middleware.ts:8:71\n    at new Promise (<anonymous>)\n    at __awaiter (C:\\Hanif (Penting)\\PURWADHIKA\\final-project\\final-project-backend\\src\\middlewares\\validate.middleware.ts:4:12)\n    at C:\\Hanif (Penting)\\PURWADHIKA\\final-project\\final-project-backend\\src\\middlewares\\validate.middleware.ts:8:68",
  "path": "/api/profile/edit/email",
  "method": "PATCH",
  "ip": "::1",
  "statusCode": 500
}
[2025-08-29 10:09:41] ERROR: PATCH /api/profile/edit/email - Internal server error. Please try again later!  {
  "name": "TypeError",
  "stack": "TypeError: Cannot read properties of undefined (reading 'constructor')\n    at ValidationExecutor.execute (C:\\Hanif (Penting)\\PURWADHIKA\\final-project\\final-project-backend\\node_modules\\src\\validation\\ValidationExecutor.ts:62:14)\n    at Validator.coreValidate (C:\\Hanif (Penting)\\PURWADHIKA\\final-project\\final-project-backend\\node_modules\\src\\validation\\Validator.ts:107:14)\n    at Validator.validate (C:\\Hanif (Penting)\\PURWADHIKA\\final-project\\final-project-backend\\node_modules\\src\\validation\\Validator.ts:32:17)\n    at validate (C:\\Hanif (Penting)\\PURWADHIKA\\final-project\\final-project-backend\\node_modules\\src\\index.ts:58:40)\n    at C:\\Hanif (Penting)\\PURWADHIKA\\final-project\\final-project-backend\\src\\middlewares\\validate.middleware.ts:11:34\n    at Generator.next (<anonymous>)\n    at C:\\Hanif (Penting)\\PURWADHIKA\\final-project\\final-project-backend\\src\\middlewares\\validate.middleware.ts:8:71\n    at new Promise (<anonymous>)\n    at __awaiter (C:\\Hanif (Penting)\\PURWADHIKA\\final-project\\final-project-backend\\src\\middlewares\\validate.middleware.ts:4:12)\n    at C:\\Hanif (Penting)\\PURWADHIKA\\final-project\\final-project-backend\\src\\middlewares\\validate.middleware.ts:8:68",
  "path": "/api/profile/edit/email",
  "method": "PATCH",
  "ip": "::1",
  "statusCode": 500
}
[2025-08-29 10:11:02] ERROR: PATCH /api/profile/edit/email - Internal server error. Please try again later!  {
  "name": "TypeError",
  "stack": "TypeError: Cannot read properties of undefined (reading 'constructor')\n    at ValidationExecutor.execute (C:\\Hanif (Penting)\\PURWADHIKA\\final-project\\final-project-backend\\node_modules\\src\\validation\\ValidationExecutor.ts:62:14)\n    at Validator.coreValidate (C:\\Hanif (Penting)\\PURWADHIKA\\final-project\\final-project-backend\\node_modules\\src\\validation\\Validator.ts:107:14)\n    at Validator.validate (C:\\Hanif (Penting)\\PURWADHIKA\\final-project\\final-project-backend\\node_modules\\src\\validation\\Validator.ts:32:17)\n    at validate (C:\\Hanif (Penting)\\PURWADHIKA\\final-project\\final-project-backend\\node_modules\\src\\index.ts:58:40)\n    at C:\\Hanif (Penting)\\PURWADHIKA\\final-project\\final-project-backend\\src\\middlewares\\validate.middleware.ts:11:34\n    at Generator.next (<anonymous>)\n    at C:\\Hanif (Penting)\\PURWADHIKA\\final-project\\final-project-backend\\src\\middlewares\\validate.middleware.ts:8:71\n    at new Promise (<anonymous>)\n    at __awaiter (C:\\Hanif (Penting)\\PURWADHIKA\\final-project\\final-project-backend\\src\\middlewares\\validate.middleware.ts:4:12)\n    at C:\\Hanif (Penting)\\PURWADHIKA\\final-project\\final-project-backend\\src\\middlewares\\validate.middleware.ts:8:68",
  "path": "/api/profile/edit/email",
  "method": "PATCH",
  "ip": "::1",
  "statusCode": 500
}
[2025-08-29 10:14:54] ERROR: PATCH /api/profile/edit/email - Internal server error. Please try again later!  {
  "name": "TypeError",
  "stack": "TypeError: Cannot read properties of undefined (reading 'constructor')\n    at ValidationExecutor.execute (C:\\Hanif (Penting)\\PURWADHIKA\\final-project\\final-project-backend\\node_modules\\src\\validation\\ValidationExecutor.ts:62:14)\n    at Validator.coreValidate (C:\\Hanif (Penting)\\PURWADHIKA\\final-project\\final-project-backend\\node_modules\\src\\validation\\Validator.ts:107:14)\n    at Validator.validate (C:\\Hanif (Penting)\\PURWADHIKA\\final-project\\final-project-backend\\node_modules\\src\\validation\\Validator.ts:32:17)\n    at validate (C:\\Hanif (Penting)\\PURWADHIKA\\final-project\\final-project-backend\\node_modules\\src\\index.ts:58:40)\n    at C:\\Hanif (Penting)\\PURWADHIKA\\final-project\\final-project-backend\\src\\middlewares\\validate.middleware.ts:11:34\n    at Generator.next (<anonymous>)\n    at C:\\Hanif (Penting)\\PURWADHIKA\\final-project\\final-project-backend\\src\\middlewares\\validate.middleware.ts:8:71\n    at new Promise (<anonymous>)\n    at __awaiter (C:\\Hanif (Penting)\\PURWADHIKA\\final-project\\final-project-backend\\src\\middlewares\\validate.middleware.ts:4:12)\n    at C:\\Hanif (Penting)\\PURWADHIKA\\final-project\\final-project-backend\\src\\middlewares\\validate.middleware.ts:8:68",
  "path": "/api/profile/edit/email",
  "method": "PATCH",
  "ip": "::1",
  "statusCode": 500
}
[2025-08-29 10:14:59] ERROR: PATCH /api/profile/edit/email - Internal server error. Please try again later!  {
  "name": "TypeError",
  "stack": "TypeError: Cannot read properties of undefined (reading 'constructor')\n    at ValidationExecutor.execute (C:\\Hanif (Penting)\\PURWADHIKA\\final-project\\final-project-backend\\node_modules\\src\\validation\\ValidationExecutor.ts:62:14)\n    at Validator.coreValidate (C:\\Hanif (Penting)\\PURWADHIKA\\final-project\\final-project-backend\\node_modules\\src\\validation\\Validator.ts:107:14)\n    at Validator.validate (C:\\Hanif (Penting)\\PURWADHIKA\\final-project\\final-project-backend\\node_modules\\src\\validation\\Validator.ts:32:17)\n    at validate (C:\\Hanif (Penting)\\PURWADHIKA\\final-project\\final-project-backend\\node_modules\\src\\index.ts:58:40)\n    at C:\\Hanif (Penting)\\PURWADHIKA\\final-project\\final-project-backend\\src\\middlewares\\validate.middleware.ts:11:34\n    at Generator.next (<anonymous>)\n    at C:\\Hanif (Penting)\\PURWADHIKA\\final-project\\final-project-backend\\src\\middlewares\\validate.middleware.ts:8:71\n    at new Promise (<anonymous>)\n    at __awaiter (C:\\Hanif (Penting)\\PURWADHIKA\\final-project\\final-project-backend\\src\\middlewares\\validate.middleware.ts:4:12)\n    at C:\\Hanif (Penting)\\PURWADHIKA\\final-project\\final-project-backend\\src\\middlewares\\validate.middleware.ts:8:68",
  "path": "/api/profile/edit/email",
  "method": "PATCH",
  "ip": "::1",
  "statusCode": 500
}
[2025-08-29 10:16:18] ERROR: PATCH /api/profile/edit/email - Internal server error. Please try again later!  {
  "name": "TypeError",
  "stack": "TypeError: Cannot read properties of undefined (reading 'constructor')\n    at ValidationExecutor.execute (C:\\Hanif (Penting)\\PURWADHIKA\\final-project\\final-project-backend\\node_modules\\src\\validation\\ValidationExecutor.ts:62:14)\n    at Validator.coreValidate (C:\\Hanif (Penting)\\PURWADHIKA\\final-project\\final-project-backend\\node_modules\\src\\validation\\Validator.ts:107:14)\n    at Validator.validate (C:\\Hanif (Penting)\\PURWADHIKA\\final-project\\final-project-backend\\node_modules\\src\\validation\\Validator.ts:32:17)\n    at validate (C:\\Hanif (Penting)\\PURWADHIKA\\final-project\\final-project-backend\\node_modules\\src\\index.ts:58:40)\n    at C:\\Hanif (Penting)\\PURWADHIKA\\final-project\\final-project-backend\\src\\middlewares\\validate.middleware.ts:11:34\n    at Generator.next (<anonymous>)\n    at C:\\Hanif (Penting)\\PURWADHIKA\\final-project\\final-project-backend\\src\\middlewares\\validate.middleware.ts:8:71\n    at new Promise (<anonymous>)\n    at __awaiter (C:\\Hanif (Penting)\\PURWADHIKA\\final-project\\final-project-backend\\src\\middlewares\\validate.middleware.ts:4:12)\n    at C:\\Hanif (Penting)\\PURWADHIKA\\final-project\\final-project-backend\\src\\middlewares\\validate.middleware.ts:8:68",
  "path": "/api/profile/edit/email",
  "method": "PATCH",
  "ip": "::1",
  "statusCode": 500
}
[2025-08-29 10:18:25] ERROR: PATCH /api/profile/edit/email - Failed to send reset verify email. Please try again.  {
  "name": "AppError",
  "stack": "AppError: Failed to send reset verify email. Please try again.\n    at new AppError (C:\\Hanif (Penting)\\PURWADHIKA\\final-project\\final-project-backend\\src\\utils\\app.error.ts:14:11)\n    at ProfileService.<anonymous> (C:\\Hanif (Penting)\\PURWADHIKA\\final-project\\final-project-backend\\src\\modules\\profile\\profile.service.ts:108:13)\n    at Generator.next (<anonymous>)\n    at fulfilled (C:\\Hanif (Penting)\\PURWADHIKA\\final-project\\final-project-backend\\src\\modules\\profile\\profile.service.ts:5:58)",
  "path": "/api/profile/edit/email",
  "method": "PATCH",
  "ip": "::1",
  "statusCode": 500
}
[2025-08-29 10:23:41] ERROR: PATCH /api/profile/edit/email - Failed to send reset verify email. Please try again.  {
  "name": "AppError",
  "stack": "AppError: Failed to send reset verify email. Please try again.\n    at new AppError (C:\\Hanif (Penting)\\PURWADHIKA\\final-project\\final-project-backend\\src\\utils\\app.error.ts:14:11)\n    at ProfileService.<anonymous> (C:\\Hanif (Penting)\\PURWADHIKA\\final-project\\final-project-backend\\src\\modules\\profile\\profile.service.ts:110:13)\n    at Generator.next (<anonymous>)\n    at fulfilled (C:\\Hanif (Penting)\\PURWADHIKA\\final-project\\final-project-backend\\src\\modules\\profile\\profile.service.ts:5:58)",
  "path": "/api/profile/edit/email",
  "method": "PATCH",
  "ip": "::1",
  "statusCode": 500
}
[2025-08-29 14:18:45] ERROR: POST /api/auth/customer/login - Account not registered!  {
  "name": "AppError",
  "stack": "AppError: Account not registered!\n    at new AppError (C:\\Hanif (Penting)\\PURWADHIKA\\final-project\\final-project-backend\\src\\utils\\app.error.ts:14:11)\n    at AuthService.<anonymous> (C:\\Hanif (Penting)\\PURWADHIKA\\final-project\\final-project-backend\\src\\modules\\auth\\auth.service.ts:202:26)\n    at Generator.next (<anonymous>)\n    at fulfilled (C:\\Hanif (Penting)\\PURWADHIKA\\final-project\\final-project-backend\\src\\modules\\auth\\auth.service.ts:5:58)",
  "path": "/api/auth/customer/login",
  "method": "POST",
  "ip": "::1",
  "statusCode": 404
}
[2025-08-29 14:18:55] ERROR: POST /api/auth/customer/login - Account not registered!  {
  "name": "AppError",
  "stack": "AppError: Account not registered!\n    at new AppError (C:\\Hanif (Penting)\\PURWADHIKA\\final-project\\final-project-backend\\src\\utils\\app.error.ts:14:11)\n    at AuthService.<anonymous> (C:\\Hanif (Penting)\\PURWADHIKA\\final-project\\final-project-backend\\src\\modules\\auth\\auth.service.ts:202:26)\n    at Generator.next (<anonymous>)\n    at fulfilled (C:\\Hanif (Penting)\\PURWADHIKA\\final-project\\final-project-backend\\src\\modules\\auth\\auth.service.ts:5:58)",
  "path": "/api/auth/customer/login",
  "method": "POST",
  "ip": "::1",
  "statusCode": 404
}
[2025-08-29 14:18:57] ERROR: POST /api/auth/customer/login - Account not registered!  {
  "name": "AppError",
  "stack": "AppError: Account not registered!\n    at new AppError (C:\\Hanif (Penting)\\PURWADHIKA\\final-project\\final-project-backend\\src\\utils\\app.error.ts:14:11)\n    at AuthService.<anonymous> (C:\\Hanif (Penting)\\PURWADHIKA\\final-project\\final-project-backend\\src\\modules\\auth\\auth.service.ts:202:26)\n    at Generator.next (<anonymous>)\n    at fulfilled (C:\\Hanif (Penting)\\PURWADHIKA\\final-project\\final-project-backend\\src\\modules\\auth\\auth.service.ts:5:58)",
  "path": "/api/auth/customer/login",
  "method": "POST",
  "ip": "::1",
  "statusCode": 404
}
[2025-08-29 14:19:49] ERROR: POST /api/auth/customer/login - Account not registered!  {
  "name": "AppError",
  "stack": "AppError: Account not registered!\n    at new AppError (C:\\Hanif (Penting)\\PURWADHIKA\\final-project\\final-project-backend\\src\\utils\\app.error.ts:14:11)\n    at AuthService.<anonymous> (C:\\Hanif (Penting)\\PURWADHIKA\\final-project\\final-project-backend\\src\\modules\\auth\\auth.service.ts:202:26)\n    at Generator.next (<anonymous>)\n    at fulfilled (C:\\Hanif (Penting)\\PURWADHIKA\\final-project\\final-project-backend\\src\\modules\\auth\\auth.service.ts:5:58)",
  "path": "/api/auth/customer/login",
  "method": "POST",
  "ip": "::1",
  "statusCode": 404
}
[2025-08-29 14:21:28] ERROR: PATCH /api/profile/edit/email - Internal server error. Please try again later!  {
  "name": "ReferenceError",
  "stack": "ReferenceError: Handlebars is not defined\n    at ProfileService.<anonymous> (C:\\Hanif (Penting)\\PURWADHIKA\\final-project\\final-project-backend\\src\\modules\\profile\\profile.service.ts:94:28)\n    at Generator.next (<anonymous>)\n    at fulfilled (C:\\Hanif (Penting)\\PURWADHIKA\\final-project\\final-project-backend\\src\\modules\\profile\\profile.service.ts:5:58)",
  "path": "/api/profile/edit/email",
  "method": "PATCH",
  "ip": "::1",
  "statusCode": 500
}
[2025-08-29 14:24:47] ERROR: PATCH /api/profile/edit/email - Internal server error. Please try again later!  {
  "name": "ReferenceError",
  "stack": "ReferenceError: Handlebars is not defined\n    at ProfileService.<anonymous> (C:\\Hanif (Penting)\\PURWADHIKA\\final-project\\final-project-backend\\src\\modules\\profile\\profile.service.ts:94:28)\n    at Generator.next (<anonymous>)\n    at fulfilled (C:\\Hanif (Penting)\\PURWADHIKA\\final-project\\final-project-backend\\src\\modules\\profile\\profile.service.ts:5:58)",
  "path": "/api/profile/edit/email",
  "method": "PATCH",
  "ip": "::1",
  "statusCode": 500
}
[2025-08-29 14:24:58] ERROR: POST /api/auth/customer/login - Please verify your email first.  {
  "name": "AppError",
  "stack": "AppError: Please verify your email first.\n    at new AppError (C:\\Hanif (Penting)\\PURWADHIKA\\final-project\\final-project-backend\\src\\utils\\app.error.ts:14:11)\n    at AuthService.<anonymous> (C:\\Hanif (Penting)\\PURWADHIKA\\final-project\\final-project-backend\\src\\modules\\auth\\auth.service.ts:204:13)\n    at Generator.next (<anonymous>)\n    at fulfilled (C:\\Hanif (Penting)\\PURWADHIKA\\final-project\\final-project-backend\\src\\modules\\auth\\auth.service.ts:5:58)",
  "path": "/api/auth/customer/login",
  "method": "POST",
  "ip": "::1",
  "statusCode": 403
}
[2025-08-29 14:32:39] ERROR: PATCH /api/profile/edit/email - Internal server error. Please try again later!  {
  "name": "ReferenceError",
  "stack": "ReferenceError: Handlebars is not defined\n    at ProfileService.<anonymous> (C:\\Hanif (Penting)\\PURWADHIKA\\final-project\\final-project-backend\\src\\modules\\profile\\profile.service.ts:97:28)\n    at Generator.next (<anonymous>)\n    at fulfilled (C:\\Hanif (Penting)\\PURWADHIKA\\final-project\\final-project-backend\\src\\modules\\profile\\profile.service.ts:5:58)",
  "path": "/api/profile/edit/email",
  "method": "PATCH",
  "ip": "::1",
  "statusCode": 500
}
[2025-08-29 14:35:31] ERROR: PATCH /api/profile/edit/email - Internal server error. Please try again later!  {
  "name": "ReferenceError",
  "stack": "ReferenceError: Handlebars is not defined\n    at ProfileService.<anonymous> (C:\\Hanif (Penting)\\PURWADHIKA\\final-project\\final-project-backend\\src\\modules\\profile\\profile.service.ts:97:28)\n    at Generator.next (<anonymous>)\n    at fulfilled (C:\\Hanif (Penting)\\PURWADHIKA\\final-project\\final-project-backend\\src\\modules\\profile\\profile.service.ts:5:58)",
  "path": "/api/profile/edit/email",
  "method": "PATCH",
  "ip": "::1",
  "statusCode": 500
}
