[2025-08-26 20:51:35] ERROR: POST /api/auth/customer/register - Failed to send email. Account creation aborted  {
  "name": "AppError",
  "stack": "AppError: Failed to send email. Account creation aborted\n    at new AppError (C:\\Hanif (Penting)\\PURWADHIKA\\final-project\\final-project-backend\\src\\utils\\app.error.ts:14:11)\n    at AuthService.<anonymous> (C:\\Hanif (Penting)\\PURWADHIKA\\final-project\\final-project-backend\\src\\modules\\auth\\auth.service.ts:90:13)\n    at Generator.next (<anonymous>)\n    at fulfilled (C:\\Hanif (Penting)\\PURWADHIKA\\final-project\\final-project-backend\\src\\modules\\auth\\auth.service.ts:5:58)",
  "path": "/api/auth/customer/register",
  "method": "POST",
  "ip": "::1",
  "statusCode": 500
}
[2025-08-26 20:53:32] ERROR: POST /api/auth/customer/register - Failed to send email. Account creation aborted  {
  "name": "AppError",
  "stack": "AppError: Failed to send email. Account creation aborted\n    at new AppError (C:\\Hanif (Penting)\\PURWADHIKA\\final-project\\final-project-backend\\src\\utils\\app.error.ts:14:11)\n    at AuthService.<anonymous> (C:\\Hanif (Penting)\\PURWADHIKA\\final-project\\final-project-backend\\src\\modules\\auth\\auth.service.ts:90:13)\n    at Generator.next (<anonymous>)\n    at fulfilled (C:\\Hanif (Penting)\\PURWADHIKA\\final-project\\final-project-backend\\src\\modules\\auth\\auth.service.ts:5:58)",
  "path": "/api/auth/customer/register",
  "method": "POST",
  "ip": "::1",
  "statusCode": 500
}
[2025-08-26 20:53:46] ERROR: POST /api/auth/customer/register - Failed to send email. Account creation aborted  {
  "name": "AppError",
  "stack": "AppError: Failed to send email. Account creation aborted\n    at new AppError (C:\\Hanif (Penting)\\PURWADHIKA\\final-project\\final-project-backend\\src\\utils\\app.error.ts:14:11)\n    at AuthService.<anonymous> (C:\\Hanif (Penting)\\PURWADHIKA\\final-project\\final-project-backend\\src\\modules\\auth\\auth.service.ts:90:13)\n    at Generator.next (<anonymous>)\n    at fulfilled (C:\\Hanif (Penting)\\PURWADHIKA\\final-project\\final-project-backend\\src\\modules\\auth\\auth.service.ts:5:58)",
  "path": "/api/auth/customer/register",
  "method": "POST",
  "ip": "::1",
  "statusCode": 500
}
[2025-08-26 22:17:22] ERROR: POST /api/auth/customer/resend - Email is not found!  {
  "name": "AppError",
  "stack": "AppError: Email is not found!\n    at new AppError (C:\\Hanif (Penting)\\PURWADHIKA\\final-project\\final-project-backend\\src\\utils\\app.error.ts:14:11)\n    at AuthService.<anonymous> (C:\\Hanif (Penting)\\PURWADHIKA\\final-project\\final-project-backend\\src\\modules\\auth\\auth.service.ts:101:26)\n    at Generator.next (<anonymous>)\n    at fulfilled (C:\\Hanif (Penting)\\PURWADHIKA\\final-project\\final-project-backend\\src\\modules\\auth\\auth.service.ts:5:58)",
  "path": "/api/auth/customer/resend",
  "method": "POST",
  "ip": "::1",
  "statusCode": 400
}
