[2025-08-05 12:03:22] WARN: 404 Not Found  {
  "method": "GET",
  "path": "/api/samples",
  "ip": "::1"
}
[2025-08-05 12:06:36] ERROR: POST /api/samples - Sample data is not found  {
  "name": "AppError",
  "stack": "AppError: Sample data is not found\n    at new AppError (D:\\Workspace\\minpro-finpro\\pwd-template-api\\src\\utils\\app.error.ts:14:11)\n    at SampleController.<anonymous> (D:\\Workspace\\minpro-finpro\\pwd-template-api\\src\\controllers\\sample.controller.ts:24:30)\n    at Generator.next (<anonymous>)\n    at fulfilled (D:\\Workspace\\minpro-finpro\\pwd-template-api\\src\\controllers\\sample.controller.ts:5:58)\n    at processTicksAndRejections (node:internal/process/task_queues:95:5)",
  "path": "/api/samples",
  "method": "POST",
  "ip": "::1",
  "statusCode": 404
}
[2025-08-26 20:51:35] ERROR: POST /api/auth/customer/register - Failed to send email. Account creation aborted  {
  "name": "AppError",
  "stack": "AppError: Failed to send email. Account creation aborted\n    at new AppError (C:\\Hanif (Penting)\\PURWADHIKA\\final-project\\final-project-backend\\src\\utils\\app.error.ts:14:11)\n    at AuthService.<anonymous> (C:\\Hanif (Penting)\\PURWADHIKA\\final-project\\final-project-backend\\src\\modules\\auth\\auth.service.ts:90:13)\n    at Generator.next (<anonymous>)\n    at fulfilled (C:\\Hanif (Penting)\\PURWADHIKA\\final-project\\final-project-backend\\src\\modules\\auth\\auth.service.ts:5:58)",
  "path": "/api/auth/customer/register",
  "method": "POST",
  "ip": "::1",
  "statusCode": 500
}
[2025-08-26 20:53:32] ERROR: POST /api/auth/customer/register - Failed to send email. Account creation aborted  {
  "name": "AppError",
  "stack": "AppError: Failed to send email. Account creation aborted\n    at new AppError (C:\\Hanif (Penting)\\PURWADHIKA\\final-project\\final-project-backend\\src\\utils\\app.error.ts:14:11)\n    at AuthService.<anonymous> (C:\\Hanif (Penting)\\PURWADHIKA\\final-project\\final-project-backend\\src\\modules\\auth\\auth.service.ts:90:13)\n    at Generator.next (<anonymous>)\n    at fulfilled (C:\\Hanif (Penting)\\PURWADHIKA\\final-project\\final-project-backend\\src\\modules\\auth\\auth.service.ts:5:58)",
  "path": "/api/auth/customer/register",
  "method": "POST",
  "ip": "::1",
  "statusCode": 500
}
[2025-08-26 20:53:46] ERROR: POST /api/auth/customer/register - Failed to send email. Account creation aborted  {
  "name": "AppError",
  "stack": "AppError: Failed to send email. Account creation aborted\n    at new AppError (C:\\Hanif (Penting)\\PURWADHIKA\\final-project\\final-project-backend\\src\\utils\\app.error.ts:14:11)\n    at AuthService.<anonymous> (C:\\Hanif (Penting)\\PURWADHIKA\\final-project\\final-project-backend\\src\\modules\\auth\\auth.service.ts:90:13)\n    at Generator.next (<anonymous>)\n    at fulfilled (C:\\Hanif (Penting)\\PURWADHIKA\\final-project\\final-project-backend\\src\\modules\\auth\\auth.service.ts:5:58)",
  "path": "/api/auth/customer/register",
  "method": "POST",
  "ip": "::1",
  "statusCode": 500
}
[2025-08-26 22:17:22] ERROR: POST /api/auth/customer/resend - Email is not found!  {
  "name": "AppError",
  "stack": "AppError: Email is not found!\n    at new AppError (C:\\Hanif (Penting)\\PURWADHIKA\\final-project\\final-project-backend\\src\\utils\\app.error.ts:14:11)\n    at AuthService.<anonymous> (C:\\Hanif (Penting)\\PURWADHIKA\\final-project\\final-project-backend\\src\\modules\\auth\\auth.service.ts:101:26)\n    at Generator.next (<anonymous>)\n    at fulfilled (C:\\Hanif (Penting)\\PURWADHIKA\\final-project\\final-project-backend\\src\\modules\\auth\\auth.service.ts:5:58)",
  "path": "/api/auth/customer/resend",
  "method": "POST",
  "ip": "::1",
  "statusCode": 400
}
[2025-08-27 17:28:07] ERROR: POST /api/auth/customer/register - Email already registered & verified  {
  "name": "AppError",
  "stack": "AppError: Email already registered & verified\n    at new AppError (C:\\Hanif (Penting)\\PURWADHIKA\\final-project\\final-project-backend\\src\\utils\\app.error.ts:14:11)\n    at AuthService.<anonymous> (C:\\Hanif (Penting)\\PURWADHIKA\\final-project\\final-project-backend\\src\\modules\\auth\\auth.service.ts:31:13)\n    at Generator.next (<anonymous>)\n    at fulfilled (C:\\Hanif (Penting)\\PURWADHIKA\\final-project\\final-project-backend\\src\\modules\\auth\\auth.service.ts:5:58)",
  "path": "/api/auth/customer/register",
  "method": "POST",
  "ip": "::1",
  "statusCode": 400
}
[2025-08-27 20:11:48] ERROR: POST /api/auth/customer/google - Internal server error. Please try again later!  {
  "name": "Error",
  "stack": "Error: The verifyIdToken method requires an ID Token\n    at OAuth2Client.verifyIdTokenAsync (C:\\Hanif (Penting)\\PURWADHIKA\\final-project\\final-project-backend\\node_modules\\google-auth-library\\build\\src\\auth\\oauth2client.js:538:19)\n    at OAuth2Client.verifyIdToken (C:\\Hanif (Penting)\\PURWADHIKA\\final-project\\final-project-backend\\node_modules\\google-auth-library\\build\\src\\auth\\oauth2client.js:533:25)\n    at GoogleService.<anonymous> (C:\\Hanif (Penting)\\PURWADHIKA\\final-project\\final-project-backend\\src\\modules\\auth\\oauth\\google.service.ts:15:38)\n    at Generator.next (<anonymous>)\n    at C:\\Hanif (Penting)\\PURWADHIKA\\final-project\\final-project-backend\\src\\modules\\auth\\oauth\\google.service.ts:8:71\n    at new Promise (<anonymous>)\n    at __awaiter (C:\\Hanif (Penting)\\PURWADHIKA\\final-project\\final-project-backend\\src\\modules\\auth\\oauth\\google.service.ts:4:12)\n    at GoogleService.googleLoginRegister (C:\\Hanif (Penting)\\PURWADHIKA\\final-project\\final-project-backend\\src\\modules\\auth\\oauth\\google.service.ts:14:51)\n    at AuthController.<anonymous> (C:\\Hanif (Penting)\\PURWADHIKA\\final-project\\final-project-backend\\src\\modules\\auth\\auth.controller.ts:25:45)\n    at Generator.next (<anonymous>)",
  "path": "/api/auth/customer/google",
  "method": "POST",
  "ip": "::1",
  "statusCode": 500
}
[2025-08-27 20:12:40] ERROR: POST /api/auth/customer/google - Internal server error. Please try again later!  {
  "name": "Error",
  "stack": "Error: The verifyIdToken method requires an ID Token\n    at OAuth2Client.verifyIdTokenAsync (C:\\Hanif (Penting)\\PURWADHIKA\\final-project\\final-project-backend\\node_modules\\google-auth-library\\build\\src\\auth\\oauth2client.js:538:19)\n    at OAuth2Client.verifyIdToken (C:\\Hanif (Penting)\\PURWADHIKA\\final-project\\final-project-backend\\node_modules\\google-auth-library\\build\\src\\auth\\oauth2client.js:533:25)\n    at GoogleService.<anonymous> (C:\\Hanif (Penting)\\PURWADHIKA\\final-project\\final-project-backend\\src\\modules\\auth\\oauth\\google.service.ts:15:38)\n    at Generator.next (<anonymous>)\n    at C:\\Hanif (Penting)\\PURWADHIKA\\final-project\\final-project-backend\\src\\modules\\auth\\oauth\\google.service.ts:8:71\n    at new Promise (<anonymous>)\n    at __awaiter (C:\\Hanif (Penting)\\PURWADHIKA\\final-project\\final-project-backend\\src\\modules\\auth\\oauth\\google.service.ts:4:12)\n    at GoogleService.googleLoginRegister (C:\\Hanif (Penting)\\PURWADHIKA\\final-project\\final-project-backend\\src\\modules\\auth\\oauth\\google.service.ts:14:51)\n    at AuthController.<anonymous> (C:\\Hanif (Penting)\\PURWADHIKA\\final-project\\final-project-backend\\src\\modules\\auth\\auth.controller.ts:25:45)\n    at Generator.next (<anonymous>)",
  "path": "/api/auth/customer/google",
  "method": "POST",
  "ip": "::1",
  "statusCode": 500
}
[2025-08-27 21:23:59] ERROR: POST /api/auth/customer/google - Internal server error. Please try again later!  {
  "name": "Error",
  "stack": "Error: Wrong recipient, payload audience != requiredAudience\n    at OAuth2Client.verifySignedJwtWithCertsAsync (C:\\Hanif (Penting)\\PURWADHIKA\\final-project\\final-project-backend\\node_modules\\google-auth-library\\build\\src\\auth\\oauth2client.js:787:23)\n    at processTicksAndRejections (node:internal/process/task_queues:105:5)\n    at async OAuth2Client.verifyIdTokenAsync (C:\\Hanif (Penting)\\PURWADHIKA\\final-project\\final-project-backend\\node_modules\\google-auth-library\\build\\src\\auth\\oauth2client.js:541:23)",
  "path": "/api/auth/customer/google",
  "method": "POST",
  "ip": "::1",
  "statusCode": 500
}
[2025-08-27 21:24:17] ERROR: POST /api/auth/customer/google - Internal server error. Please try again later!  {
  "name": "Error",
  "stack": "Error: Wrong recipient, payload audience != requiredAudience\n    at OAuth2Client.verifySignedJwtWithCertsAsync (C:\\Hanif (Penting)\\PURWADHIKA\\final-project\\final-project-backend\\node_modules\\google-auth-library\\build\\src\\auth\\oauth2client.js:787:23)\n    at processTicksAndRejections (node:internal/process/task_queues:105:5)\n    at async OAuth2Client.verifyIdTokenAsync (C:\\Hanif (Penting)\\PURWADHIKA\\final-project\\final-project-backend\\node_modules\\google-auth-library\\build\\src\\auth\\oauth2client.js:541:23)",
  "path": "/api/auth/customer/google",
  "method": "POST",
  "ip": "::1",
  "statusCode": 500
}
[2025-08-27 21:24:25] ERROR: POST /api/auth/customer/google - Internal server error. Please try again later!  {
  "name": "Error",
  "stack": "Error: Wrong recipient, payload audience != requiredAudience\n    at OAuth2Client.verifySignedJwtWithCertsAsync (C:\\Hanif (Penting)\\PURWADHIKA\\final-project\\final-project-backend\\node_modules\\google-auth-library\\build\\src\\auth\\oauth2client.js:787:23)\n    at processTicksAndRejections (node:internal/process/task_queues:105:5)\n    at async OAuth2Client.verifyIdTokenAsync (C:\\Hanif (Penting)\\PURWADHIKA\\final-project\\final-project-backend\\node_modules\\google-auth-library\\build\\src\\auth\\oauth2client.js:541:23)",
  "path": "/api/auth/customer/google",
  "method": "POST",
  "ip": "::1",
  "statusCode": 500
}
[2025-08-27 21:24:45] ERROR: POST /api/auth/customer/google - Internal server error. Please try again later!  {
  "name": "Error",
  "stack": "Error: Wrong recipient, payload audience != requiredAudience\n    at OAuth2Client.verifySignedJwtWithCertsAsync (C:\\Hanif (Penting)\\PURWADHIKA\\final-project\\final-project-backend\\node_modules\\google-auth-library\\build\\src\\auth\\oauth2client.js:787:23)\n    at processTicksAndRejections (node:internal/process/task_queues:105:5)\n    at async OAuth2Client.verifyIdTokenAsync (C:\\Hanif (Penting)\\PURWADHIKA\\final-project\\final-project-backend\\node_modules\\google-auth-library\\build\\src\\auth\\oauth2client.js:541:23)",
  "path": "/api/auth/customer/google",
  "method": "POST",
  "ip": "::1",
  "statusCode": 500
}
[2025-08-27 21:25:00] ERROR: POST /api/auth/customer/google - Internal server error. Please try again later!  {
  "name": "Error",
  "stack": "Error: Wrong recipient, payload audience != requiredAudience\n    at OAuth2Client.verifySignedJwtWithCertsAsync (C:\\Hanif (Penting)\\PURWADHIKA\\final-project\\final-project-backend\\node_modules\\google-auth-library\\build\\src\\auth\\oauth2client.js:787:23)\n    at processTicksAndRejections (node:internal/process/task_queues:105:5)\n    at async OAuth2Client.verifyIdTokenAsync (C:\\Hanif (Penting)\\PURWADHIKA\\final-project\\final-project-backend\\node_modules\\google-auth-library\\build\\src\\auth\\oauth2client.js:541:23)",
  "path": "/api/auth/customer/google",
  "method": "POST",
  "ip": "::1",
  "statusCode": 500
}
[2025-08-27 21:25:05] ERROR: POST /api/auth/customer/google - Google ID token is required  {
  "name": "AppError",
  "stack": "AppError: Google ID token is required\n    at new AppError (C:\\Hanif (Penting)\\PURWADHIKA\\final-project\\final-project-backend\\src\\utils\\app.error.ts:14:11)\n    at AuthController.<anonymous> (C:\\Hanif (Penting)\\PURWADHIKA\\final-project\\final-project-backend\\src\\modules\\auth\\auth.controller.ts:29:25)\n    at Generator.next (<anonymous>)\n    at C:\\Hanif (Penting)\\PURWADHIKA\\final-project\\final-project-backend\\src\\modules\\auth\\auth.controller.ts:8:71\n    at new Promise (<anonymous>)\n    at __awaiter (C:\\Hanif (Penting)\\PURWADHIKA\\final-project\\final-project-backend\\src\\modules\\auth\\auth.controller.ts:4:12)\n    at AuthController.googleLoginRegister (C:\\Hanif (Penting)\\PURWADHIKA\\final-project\\final-project-backend\\src\\modules\\auth\\auth.controller.ts:24:63)\n    at Layer.handleRequest (C:\\Hanif (Penting)\\PURWADHIKA\\final-project\\final-project-backend\\node_modules\\router\\lib\\layer.js:152:17)\n    at next (C:\\Hanif (Penting)\\PURWADHIKA\\final-project\\final-project-backend\\node_modules\\router\\lib\\route.js:157:13)\n    at C:\\Hanif (Penting)\\PURWADHIKA\\final-project\\final-project-backend\\src\\middlewares\\validate.middleware.ts:21:5",
  "path": "/api/auth/customer/google",
  "method": "POST",
  "ip": "::1",
  "statusCode": 400
}
[2025-08-27 21:25:09] ERROR: POST /api/auth/customer/google - Internal server error. Please try again later!  {
  "name": "Error",
  "stack": "Error: Wrong recipient, payload audience != requiredAudience\n    at OAuth2Client.verifySignedJwtWithCertsAsync (C:\\Hanif (Penting)\\PURWADHIKA\\final-project\\final-project-backend\\node_modules\\google-auth-library\\build\\src\\auth\\oauth2client.js:787:23)\n    at processTicksAndRejections (node:internal/process/task_queues:105:5)\n    at async OAuth2Client.verifyIdTokenAsync (C:\\Hanif (Penting)\\PURWADHIKA\\final-project\\final-project-backend\\node_modules\\google-auth-library\\build\\src\\auth\\oauth2client.js:541:23)",
  "path": "/api/auth/customer/google",
  "method": "POST",
  "ip": "::1",
  "statusCode": 500
}
[2025-08-27 21:25:22] ERROR: POST /api/auth/customer/google - Internal server error. Please try again later!  {
  "name": "Error",
  "stack": "Error: Wrong recipient, payload audience != requiredAudience\n    at OAuth2Client.verifySignedJwtWithCertsAsync (C:\\Hanif (Penting)\\PURWADHIKA\\final-project\\final-project-backend\\node_modules\\google-auth-library\\build\\src\\auth\\oauth2client.js:787:23)\n    at processTicksAndRejections (node:internal/process/task_queues:105:5)\n    at async OAuth2Client.verifyIdTokenAsync (C:\\Hanif (Penting)\\PURWADHIKA\\final-project\\final-project-backend\\node_modules\\google-auth-library\\build\\src\\auth\\oauth2client.js:541:23)",
  "path": "/api/auth/customer/google",
  "method": "POST",
  "ip": "::1",
  "statusCode": 500
}
[2025-08-27 21:25:59] ERROR: POST /api/auth/customer/google - Internal server error. Please try again later!  {
  "name": "Error",
  "stack": "Error: Wrong recipient, payload audience != requiredAudience\n    at OAuth2Client.verifySignedJwtWithCertsAsync (C:\\Hanif (Penting)\\PURWADHIKA\\final-project\\final-project-backend\\node_modules\\google-auth-library\\build\\src\\auth\\oauth2client.js:787:23)\n    at processTicksAndRejections (node:internal/process/task_queues:105:5)\n    at async OAuth2Client.verifyIdTokenAsync (C:\\Hanif (Penting)\\PURWADHIKA\\final-project\\final-project-backend\\node_modules\\google-auth-library\\build\\src\\auth\\oauth2client.js:541:23)",
  "path": "/api/auth/customer/google",
  "method": "POST",
  "ip": "::1",
  "statusCode": 500
}
[2025-08-27 21:31:14] ERROR: POST /api/auth/customer/register - email must be an email  {
  "name": "AppError",
  "stack": "AppError: email must be an email\n    at new AppError (C:\\Hanif (Penting)\\PURWADHIKA\\final-project\\final-project-backend\\src\\utils\\app.error.ts:14:11)\n    at C:\\Hanif (Penting)\\PURWADHIKA\\final-project\\final-project-backend\\src\\middlewares\\validate.middleware.ts:18:13\n    at Generator.next (<anonymous>)\n    at fulfilled (C:\\Hanif (Penting)\\PURWADHIKA\\final-project\\final-project-backend\\src\\middlewares\\validate.middleware.ts:5:58)\n    at processTicksAndRejections (node:internal/process/task_queues:105:5)",
  "path": "/api/auth/customer/register",
  "method": "POST",
  "ip": "::1",
  "statusCode": 400
}
[2025-08-27 21:31:22] ERROR: POST /api/auth/customer/register - Email already registered & verified  {
  "name": "AppError",
  "stack": "AppError: Email already registered & verified\n    at new AppError (C:\\Hanif (Penting)\\PURWADHIKA\\final-project\\final-project-backend\\src\\utils\\app.error.ts:14:11)\n    at AuthService.<anonymous> (C:\\Hanif (Penting)\\PURWADHIKA\\final-project\\final-project-backend\\src\\modules\\auth\\auth.service.ts:31:13)\n    at Generator.next (<anonymous>)\n    at fulfilled (C:\\Hanif (Penting)\\PURWADHIKA\\final-project\\final-project-backend\\src\\modules\\auth\\auth.service.ts:5:58)",
  "path": "/api/auth/customer/register",
  "method": "POST",
  "ip": "::1",
  "statusCode": 400
}
[2025-08-28 08:28:25] ERROR: POST /api/auth/customer/set-password - Password is required  {
  "name": "AppError",
  "stack": "AppError: Password is required\n    at new AppError (C:\\Hanif (Penting)\\PURWADHIKA\\final-project\\final-project-backend\\src\\utils\\app.error.ts:14:11)\n    at AuthController.<anonymous> (C:\\Hanif (Penting)\\PURWADHIKA\\final-project\\final-project-backend\\src\\modules\\auth\\auth.controller.ts:42:26)\n    at Generator.next (<anonymous>)\n    at C:\\Hanif (Penting)\\PURWADHIKA\\final-project\\final-project-backend\\src\\modules\\auth\\auth.controller.ts:8:71\n    at new Promise (<anonymous>)\n    at __awaiter (C:\\Hanif (Penting)\\PURWADHIKA\\final-project\\final-project-backend\\src\\modules\\auth\\auth.controller.ts:4:12)\n    at AuthController.setCustomerPassword (C:\\Hanif (Penting)\\PURWADHIKA\\final-project\\final-project-backend\\src\\modules\\auth\\auth.controller.ts:33:63)\n    at Layer.handleRequest (C:\\Hanif (Penting)\\PURWADHIKA\\final-project\\final-project-backend\\node_modules\\router\\lib\\layer.js:152:17)\n    at next (C:\\Hanif (Penting)\\PURWADHIKA\\final-project\\final-project-backend\\node_modules\\router\\lib\\route.js:157:13)\n    at Route.dispatch (C:\\Hanif (Penting)\\PURWADHIKA\\final-project\\final-project-backend\\node_modules\\router\\lib\\route.js:117:3)",
  "path": "/api/auth/customer/set-password",
  "method": "POST",
  "ip": "::1",
  "statusCode": 400
}
[2025-08-28 08:28:36] ERROR: POST /api/auth/customer/set-password - Invalid or expired token  {
  "name": "AppError",
  "stack": "AppError: Invalid or expired token\n    at new AppError (C:\\Hanif (Penting)\\PURWADHIKA\\final-project\\final-project-backend\\src\\utils\\app.error.ts:14:11)\n    at AuthService.<anonymous> (C:\\Hanif (Penting)\\PURWADHIKA\\final-project\\final-project-backend\\src\\modules\\auth\\auth.service.ts:181:26)\n    at Generator.next (<anonymous>)\n    at fulfilled (C:\\Hanif (Penting)\\PURWADHIKA\\final-project\\final-project-backend\\src\\modules\\auth\\auth.service.ts:5:58)",
  "path": "/api/auth/customer/set-password",
  "method": "POST",
  "ip": "::1",
  "statusCode": 400
}
[2025-08-28 08:29:36] ERROR: POST /api/auth/customer/set-password - Invalid or expired token  {
  "name": "AppError",
  "stack": "AppError: Invalid or expired token\n    at new AppError (C:\\Hanif (Penting)\\PURWADHIKA\\final-project\\final-project-backend\\src\\utils\\app.error.ts:14:11)\n    at AuthService.<anonymous> (C:\\Hanif (Penting)\\PURWADHIKA\\final-project\\final-project-backend\\src\\modules\\auth\\auth.service.ts:181:26)\n    at Generator.next (<anonymous>)\n    at fulfilled (C:\\Hanif (Penting)\\PURWADHIKA\\final-project\\final-project-backend\\src\\modules\\auth\\auth.service.ts:5:58)",
  "path": "/api/auth/customer/set-password",
  "method": "POST",
  "ip": "::1",
  "statusCode": 400
}
[2025-08-28 08:29:43] ERROR: POST /api/auth/customer/set-password - Invalid or expired token  {
  "name": "AppError",
  "stack": "AppError: Invalid or expired token\n    at new AppError (C:\\Hanif (Penting)\\PURWADHIKA\\final-project\\final-project-backend\\src\\utils\\app.error.ts:14:11)\n    at AuthService.<anonymous> (C:\\Hanif (Penting)\\PURWADHIKA\\final-project\\final-project-backend\\src\\modules\\auth\\auth.service.ts:181:26)\n    at Generator.next (<anonymous>)\n    at fulfilled (C:\\Hanif (Penting)\\PURWADHIKA\\final-project\\final-project-backend\\src\\modules\\auth\\auth.service.ts:5:58)",
  "path": "/api/auth/customer/set-password",
  "method": "POST",
  "ip": "::1",
  "statusCode": 400
}
[2025-08-28 08:29:48] ERROR: POST /api/auth/customer/set-password - Invalid or expired token  {
  "name": "AppError",
  "stack": "AppError: Invalid or expired token\n    at new AppError (C:\\Hanif (Penting)\\PURWADHIKA\\final-project\\final-project-backend\\src\\utils\\app.error.ts:14:11)\n    at AuthService.<anonymous> (C:\\Hanif (Penting)\\PURWADHIKA\\final-project\\final-project-backend\\src\\modules\\auth\\auth.service.ts:181:26)\n    at Generator.next (<anonymous>)\n    at fulfilled (C:\\Hanif (Penting)\\PURWADHIKA\\final-project\\final-project-backend\\src\\modules\\auth\\auth.service.ts:5:58)",
  "path": "/api/auth/customer/set-password",
  "method": "POST",
  "ip": "::1",
  "statusCode": 400
}
[2025-08-28 08:29:50] ERROR: POST /api/auth/customer/set-password - Invalid or expired token  {
  "name": "AppError",
  "stack": "AppError: Invalid or expired token\n    at new AppError (C:\\Hanif (Penting)\\PURWADHIKA\\final-project\\final-project-backend\\src\\utils\\app.error.ts:14:11)\n    at AuthService.<anonymous> (C:\\Hanif (Penting)\\PURWADHIKA\\final-project\\final-project-backend\\src\\modules\\auth\\auth.service.ts:181:26)\n    at Generator.next (<anonymous>)\n    at fulfilled (C:\\Hanif (Penting)\\PURWADHIKA\\final-project\\final-project-backend\\src\\modules\\auth\\auth.service.ts:5:58)",
  "path": "/api/auth/customer/set-password",
  "method": "POST",
  "ip": "::1",
  "statusCode": 400
}
[2025-08-28 08:35:33] ERROR: POST /api/auth/customer/set-password - Invalid or expired token  {
  "name": "AppError",
  "stack": "AppError: Invalid or expired token\n    at new AppError (C:\\Hanif (Penting)\\PURWADHIKA\\final-project\\final-project-backend\\src\\utils\\app.error.ts:14:11)\n    at AuthService.<anonymous> (C:\\Hanif (Penting)\\PURWADHIKA\\final-project\\final-project-backend\\src\\modules\\auth\\auth.service.ts:181:26)\n    at Generator.next (<anonymous>)\n    at fulfilled (C:\\Hanif (Penting)\\PURWADHIKA\\final-project\\final-project-backend\\src\\modules\\auth\\auth.service.ts:5:58)",
  "path": "/api/auth/customer/set-password",
  "method": "POST",
  "ip": "::1",
  "statusCode": 400
}
[2025-08-28 08:35:34] ERROR: POST /api/auth/customer/set-password - Invalid or expired token  {
  "name": "AppError",
  "stack": "AppError: Invalid or expired token\n    at new AppError (C:\\Hanif (Penting)\\PURWADHIKA\\final-project\\final-project-backend\\src\\utils\\app.error.ts:14:11)\n    at AuthService.<anonymous> (C:\\Hanif (Penting)\\PURWADHIKA\\final-project\\final-project-backend\\src\\modules\\auth\\auth.service.ts:181:26)\n    at Generator.next (<anonymous>)\n    at fulfilled (C:\\Hanif (Penting)\\PURWADHIKA\\final-project\\final-project-backend\\src\\modules\\auth\\auth.service.ts:5:58)",
  "path": "/api/auth/customer/set-password",
  "method": "POST",
  "ip": "::1",
  "statusCode": 400
}
[2025-08-28 08:35:52] ERROR: POST /api/auth/customer/set-password - Invalid or expired token  {
  "name": "AppError",
  "stack": "AppError: Invalid or expired token\n    at new AppError (C:\\Hanif (Penting)\\PURWADHIKA\\final-project\\final-project-backend\\src\\utils\\app.error.ts:14:11)\n    at AuthService.<anonymous> (C:\\Hanif (Penting)\\PURWADHIKA\\final-project\\final-project-backend\\src\\modules\\auth\\auth.service.ts:181:26)\n    at Generator.next (<anonymous>)\n    at fulfilled (C:\\Hanif (Penting)\\PURWADHIKA\\final-project\\final-project-backend\\src\\modules\\auth\\auth.service.ts:5:58)",
  "path": "/api/auth/customer/set-password",
  "method": "POST",
  "ip": "::1",
  "statusCode": 400
}
[2025-08-28 08:38:14] ERROR: POST /api/auth/customer/set-password - Invalid or expired token  {
  "name": "AppError",
  "stack": "AppError: Invalid or expired token\n    at new AppError (C:\\Hanif (Penting)\\PURWADHIKA\\final-project\\final-project-backend\\src\\utils\\app.error.ts:14:11)\n    at AuthService.<anonymous> (C:\\Hanif (Penting)\\PURWADHIKA\\final-project\\final-project-backend\\src\\modules\\auth\\auth.service.ts:182:26)\n    at Generator.next (<anonymous>)\n    at fulfilled (C:\\Hanif (Penting)\\PURWADHIKA\\final-project\\final-project-backend\\src\\modules\\auth\\auth.service.ts:5:58)",
  "path": "/api/auth/customer/set-password",
  "method": "POST",
  "ip": "::1",
  "statusCode": 400
}
[2025-08-28 09:29:13] ERROR: POST /api/auth/customer/set-password/7a71a27e3b4c89ab97b1aa7c602f977e9a11a7efbcb3f0de491e8108bcaa464 - Invalid or expired token  {
  "name": "AppError",
  "stack": "AppError: Invalid or expired token\n    at new AppError (C:\\Hanif (Penting)\\PURWADHIKA\\final-project\\final-project-backend\\src\\utils\\app.error.ts:14:11)\n    at AuthService.<anonymous> (C:\\Hanif (Penting)\\PURWADHIKA\\final-project\\final-project-backend\\src\\modules\\auth\\auth.service.ts:172:26)\n    at Generator.next (<anonymous>)\n    at fulfilled (C:\\Hanif (Penting)\\PURWADHIKA\\final-project\\final-project-backend\\src\\modules\\auth\\auth.service.ts:5:58)",
  "path": "/api/auth/customer/set-password/7a71a27e3b4c89ab97b1aa7c602f977e9a11a7efbcb3f0de491e8108bcaa464",
  "method": "POST",
  "ip": "::1",
  "statusCode": 400
}
[2025-08-28 09:29:22] ERROR: POST /api/auth/customer/set-password/7a71a27e3b4c89ab97b1aa7c602f9a77e9a11a7efbcb3f0de491e8108bcaa464 - Invalid or expired token  {
  "name": "AppError",
  "stack": "AppError: Invalid or expired token\n    at new AppError (C:\\Hanif (Penting)\\PURWADHIKA\\final-project\\final-project-backend\\src\\utils\\app.error.ts:14:11)\n    at AuthService.<anonymous> (C:\\Hanif (Penting)\\PURWADHIKA\\final-project\\final-project-backend\\src\\modules\\auth\\auth.service.ts:172:26)\n    at Generator.next (<anonymous>)\n    at fulfilled (C:\\Hanif (Penting)\\PURWADHIKA\\final-project\\final-project-backend\\src\\modules\\auth\\auth.service.ts:5:58)",
  "path": "/api/auth/customer/set-password/7a71a27e3b4c89ab97b1aa7c602f9a77e9a11a7efbcb3f0de491e8108bcaa464",
  "method": "POST",
  "ip": "::1",
  "statusCode": 400
}
[2025-08-28 09:30:04] ERROR: POST /api/auth/customer/resend - Already verified!  {
  "name": "AppError",
  "stack": "AppError: Already verified!\n    at new AppError (C:\\Hanif (Penting)\\PURWADHIKA\\final-project\\final-project-backend\\src\\utils\\app.error.ts:14:11)\n    at AuthService.<anonymous> (C:\\Hanif (Penting)\\PURWADHIKA\\final-project\\final-project-backend\\src\\modules\\auth\\auth.service.ts:96:36)\n    at Generator.next (<anonymous>)\n    at fulfilled (C:\\Hanif (Penting)\\PURWADHIKA\\final-project\\final-project-backend\\src\\modules\\auth\\auth.service.ts:5:58)",
  "path": "/api/auth/customer/resend",
  "method": "POST",
  "ip": "::1",
  "statusCode": 400
}
[2025-08-28 09:30:42] ERROR: POST /api/auth/customer/resend - Email is not found!  {
  "name": "AppError",
  "stack": "AppError: Email is not found!\n    at new AppError (C:\\Hanif (Penting)\\PURWADHIKA\\final-project\\final-project-backend\\src\\utils\\app.error.ts:14:11)\n    at AuthService.<anonymous> (C:\\Hanif (Penting)\\PURWADHIKA\\final-project\\final-project-backend\\src\\modules\\auth\\auth.service.ts:95:26)\n    at Generator.next (<anonymous>)\n    at fulfilled (C:\\Hanif (Penting)\\PURWADHIKA\\final-project\\final-project-backend\\src\\modules\\auth\\auth.service.ts:5:58)",
  "path": "/api/auth/customer/resend",
  "method": "POST",
  "ip": "::1",
  "statusCode": 400
}
[2025-08-28 09:31:10] ERROR: POST /api/auth/customer/set-password/0522c7dcea6712799f261d3f4a0a8c0593f4c1cfdefc4521a0597670d31e3e30 - Invalid or expired token  {
  "name": "AppError",
  "stack": "AppError: Invalid or expired token\n    at new AppError (C:\\Hanif (Penting)\\PURWADHIKA\\final-project\\final-project-backend\\src\\utils\\app.error.ts:14:11)\n    at AuthService.<anonymous> (C:\\Hanif (Penting)\\PURWADHIKA\\final-project\\final-project-backend\\src\\modules\\auth\\auth.service.ts:172:26)\n    at Generator.next (<anonymous>)\n    at fulfilled (C:\\Hanif (Penting)\\PURWADHIKA\\final-project\\final-project-backend\\src\\modules\\auth\\auth.service.ts:5:58)",
  "path": "/api/auth/customer/set-password/0522c7dcea6712799f261d3f4a0a8c0593f4c1cfdefc4521a0597670d31e3e30",
  "method": "POST",
  "ip": "::1",
  "statusCode": 400
}
[2025-08-28 09:31:12] ERROR: POST /api/auth/customer/set-password/0522c7dcea6712799f261d3f4a0a8c0593f4c1cfdefc4521a0597670d31e3e30 - Invalid or expired token  {
  "name": "AppError",
  "stack": "AppError: Invalid or expired token\n    at new AppError (C:\\Hanif (Penting)\\PURWADHIKA\\final-project\\final-project-backend\\src\\utils\\app.error.ts:14:11)\n    at AuthService.<anonymous> (C:\\Hanif (Penting)\\PURWADHIKA\\final-project\\final-project-backend\\src\\modules\\auth\\auth.service.ts:172:26)\n    at Generator.next (<anonymous>)\n    at fulfilled (C:\\Hanif (Penting)\\PURWADHIKA\\final-project\\final-project-backend\\src\\modules\\auth\\auth.service.ts:5:58)",
  "path": "/api/auth/customer/set-password/0522c7dcea6712799f261d3f4a0a8c0593f4c1cfdefc4521a0597670d31e3e30",
  "method": "POST",
  "ip": "::1",
  "statusCode": 400
}
[2025-08-28 10:26:51] ERROR: POST /api/auth/customer/resend - Already verified!  {
  "name": "AppError",
  "stack": "AppError: Already verified!\n    at new AppError (C:\\Hanif (Penting)\\PURWADHIKA\\final-project\\final-project-backend\\src\\utils\\app.error.ts:14:11)\n    at AuthService.<anonymous> (C:\\Hanif (Penting)\\PURWADHIKA\\final-project\\final-project-backend\\src\\modules\\auth\\auth.service.ts:97:36)\n    at Generator.next (<anonymous>)\n    at fulfilled (C:\\Hanif (Penting)\\PURWADHIKA\\final-project\\final-project-backend\\src\\modules\\auth\\auth.service.ts:5:58)",
  "path": "/api/auth/customer/resend",
  "method": "POST",
  "ip": "::1",
  "statusCode": 400
}
[2025-08-28 10:34:14] ERROR: POST /api/auth/customer/google/resend - Password has been set!  {
  "name": "AppError",
  "stack": "AppError: Password has been set!\n    at new AppError (C:\\Hanif (Penting)\\PURWADHIKA\\final-project\\final-project-backend\\src\\utils\\app.error.ts:14:11)\n    at GoogleService.<anonymous> (C:\\Hanif (Penting)\\PURWADHIKA\\final-project\\final-project-backend\\src\\modules\\auth\\oauth\\google.service.ts:117:43)\n    at Generator.next (<anonymous>)\n    at fulfilled (C:\\Hanif (Penting)\\PURWADHIKA\\final-project\\final-project-backend\\src\\modules\\auth\\oauth\\google.service.ts:5:58)",
  "path": "/api/auth/customer/google/resend",
  "method": "POST",
  "ip": "::1",
  "statusCode": 400
}
[2025-08-28 10:36:05] ERROR: POST /api/auth/customer/google/resend - Password has been set!  {
  "name": "AppError",
  "stack": "AppError: Password has been set!\n    at new AppError (C:\\Hanif (Penting)\\PURWADHIKA\\final-project\\final-project-backend\\src\\utils\\app.error.ts:14:11)\n    at GoogleService.<anonymous> (C:\\Hanif (Penting)\\PURWADHIKA\\final-project\\final-project-backend\\src\\modules\\auth\\oauth\\google.service.ts:117:35)\n    at Generator.next (<anonymous>)\n    at fulfilled (C:\\Hanif (Penting)\\PURWADHIKA\\final-project\\final-project-backend\\src\\modules\\auth\\oauth\\google.service.ts:5:58)",
  "path": "/api/auth/customer/google/resend",
  "method": "POST",
  "ip": "::1",
  "statusCode": 400
}
[2025-08-28 10:45:21] ERROR: POST /api/auth/customer/set-password/0522c7dcea6712799f261d3f4a0a8c0593f4c1cfdefc4521a0597670d31e3e30 - password must be longer than or equal to 8 characters  {
  "name": "AppError",
  "stack": "AppError: password must be longer than or equal to 8 characters\n    at new AppError (C:\\Hanif (Penting)\\PURWADHIKA\\final-project\\final-project-backend\\src\\utils\\app.error.ts:14:11)\n    at C:\\Hanif (Penting)\\PURWADHIKA\\final-project\\final-project-backend\\src\\middlewares\\validate.middleware.ts:18:13\n    at Generator.next (<anonymous>)\n    at fulfilled (C:\\Hanif (Penting)\\PURWADHIKA\\final-project\\final-project-backend\\src\\middlewares\\validate.middleware.ts:5:58)\n    at processTicksAndRejections (node:internal/process/task_queues:105:5)",
  "path": "/api/auth/customer/set-password/0522c7dcea6712799f261d3f4a0a8c0593f4c1cfdefc4521a0597670d31e3e30",
  "method": "POST",
  "ip": "::1",
  "statusCode": 400
}
[2025-08-28 10:45:29] ERROR: POST /api/auth/customer/set-password/0522c7dcea6712799f261d3f4a0a8c0593f4c1cfdefc4521a0597670d31e3e30 - Invalid or expired token  {
  "name": "AppError",
  "stack": "AppError: Invalid or expired token\n    at new AppError (C:\\Hanif (Penting)\\PURWADHIKA\\final-project\\final-project-backend\\src\\utils\\app.error.ts:14:11)\n    at AuthService.<anonymous> (C:\\Hanif (Penting)\\PURWADHIKA\\final-project\\final-project-backend\\src\\modules\\auth\\auth.service.ts:172:26)\n    at Generator.next (<anonymous>)\n    at fulfilled (C:\\Hanif (Penting)\\PURWADHIKA\\final-project\\final-project-backend\\src\\modules\\auth\\auth.service.ts:5:58)",
  "path": "/api/auth/customer/set-password/0522c7dcea6712799f261d3f4a0a8c0593f4c1cfdefc4521a0597670d31e3e30",
  "method": "POST",
  "ip": "::1",
  "statusCode": 400
}
[2025-08-28 10:45:50] ERROR: POST /api/auth/customer/set-password/0522c7dcea6712799f261d3f4a0a8c0593f4c1cfdefc4521a0597670d31e3e30 - Invalid or expired token  {
  "name": "AppError",
  "stack": "AppError: Invalid or expired token\n    at new AppError (C:\\Hanif (Penting)\\PURWADHIKA\\final-project\\final-project-backend\\src\\utils\\app.error.ts:14:11)\n    at AuthService.<anonymous> (C:\\Hanif (Penting)\\PURWADHIKA\\final-project\\final-project-backend\\src\\modules\\auth\\auth.service.ts:172:26)\n    at Generator.next (<anonymous>)\n    at fulfilled (C:\\Hanif (Penting)\\PURWADHIKA\\final-project\\final-project-backend\\src\\modules\\auth\\auth.service.ts:5:58)",
  "path": "/api/auth/customer/set-password/0522c7dcea6712799f261d3f4a0a8c0593f4c1cfdefc4521a0597670d31e3e30",
  "method": "POST",
  "ip": "::1",
  "statusCode": 400
}
[2025-08-28 10:45:52] ERROR: POST /api/auth/customer/set-password/0522c7dcea6712799f261d3f4a0a8c0593f4c1cfdefc4521a0597670d31e3e30 - Invalid or expired token  {
  "name": "AppError",
  "stack": "AppError: Invalid or expired token\n    at new AppError (C:\\Hanif (Penting)\\PURWADHIKA\\final-project\\final-project-backend\\src\\utils\\app.error.ts:14:11)\n    at AuthService.<anonymous> (C:\\Hanif (Penting)\\PURWADHIKA\\final-project\\final-project-backend\\src\\modules\\auth\\auth.service.ts:172:26)\n    at Generator.next (<anonymous>)\n    at fulfilled (C:\\Hanif (Penting)\\PURWADHIKA\\final-project\\final-project-backend\\src\\modules\\auth\\auth.service.ts:5:58)",
  "path": "/api/auth/customer/set-password/0522c7dcea6712799f261d3f4a0a8c0593f4c1cfdefc4521a0597670d31e3e30",
  "method": "POST",
  "ip": "::1",
  "statusCode": 400
}
[2025-08-28 10:46:28] ERROR: POST /api/auth/customer/set-password/0522c7dcea6712799f261d3f4a0a8c0593f4c1cfdefc4521a0597670d31e3e30 - Invalid or expired token  {
  "name": "AppError",
  "stack": "AppError: Invalid or expired token\n    at new AppError (C:\\Hanif (Penting)\\PURWADHIKA\\final-project\\final-project-backend\\src\\utils\\app.error.ts:14:11)\n    at AuthService.<anonymous> (C:\\Hanif (Penting)\\PURWADHIKA\\final-project\\final-project-backend\\src\\modules\\auth\\auth.service.ts:172:26)\n    at Generator.next (<anonymous>)\n    at fulfilled (C:\\Hanif (Penting)\\PURWADHIKA\\final-project\\final-project-backend\\src\\modules\\auth\\auth.service.ts:5:58)",
  "path": "/api/auth/customer/set-password/0522c7dcea6712799f261d3f4a0a8c0593f4c1cfdefc4521a0597670d31e3e30",
  "method": "POST",
  "ip": "::1",
  "statusCode": 400
}
[2025-08-28 10:48:34] ERROR: POST /api/auth/customer/set-password/0522c7dcea6712799f261d3f4a0a8c0593f4c1cfdefc4521a0597670d31e3e30 - Invalid or expired token  {
  "name": "AppError",
  "stack": "AppError: Invalid or expired token\n    at new AppError (C:\\Hanif (Penting)\\PURWADHIKA\\final-project\\final-project-backend\\src\\utils\\app.error.ts:14:11)\n    at AuthService.<anonymous> (C:\\Hanif (Penting)\\PURWADHIKA\\final-project\\final-project-backend\\src\\modules\\auth\\auth.service.ts:173:26)\n    at Generator.next (<anonymous>)\n    at fulfilled (C:\\Hanif (Penting)\\PURWADHIKA\\final-project\\final-project-backend\\src\\modules\\auth\\auth.service.ts:5:58)",
  "path": "/api/auth/customer/set-password/0522c7dcea6712799f261d3f4a0a8c0593f4c1cfdefc4521a0597670d31e3e30",
  "method": "POST",
  "ip": "::1",
  "statusCode": 400
}
[2025-08-28 10:49:04] ERROR: POST /api/auth/customer/set-password/0522c7dcea6712799f261d3f4a0a8c0593f4c1cfdefc4521a0597670d31e3e30 - Invalid or expired token  {
  "name": "AppError",
  "stack": "AppError: Invalid or expired token\n    at new AppError (C:\\Hanif (Penting)\\PURWADHIKA\\final-project\\final-project-backend\\src\\utils\\app.error.ts:14:11)\n    at AuthService.<anonymous> (C:\\Hanif (Penting)\\PURWADHIKA\\final-project\\final-project-backend\\src\\modules\\auth\\auth.service.ts:173:26)\n    at Generator.next (<anonymous>)\n    at fulfilled (C:\\Hanif (Penting)\\PURWADHIKA\\final-project\\final-project-backend\\src\\modules\\auth\\auth.service.ts:5:58)",
  "path": "/api/auth/customer/set-password/0522c7dcea6712799f261d3f4a0a8c0593f4c1cfdefc4521a0597670d31e3e30",
  "method": "POST",
  "ip": "::1",
  "statusCode": 400
}
[2025-08-28 10:51:02] ERROR: POST /api/auth/customer/set-password/0522c7dcea6712799f261d3f4a0a8c0593f4c1cfdefc4521a0597670d31e3e30 - Invalid or expired token  {
  "name": "AppError",
  "stack": "AppError: Invalid or expired token\n    at new AppError (C:\\Hanif (Penting)\\PURWADHIKA\\final-project\\final-project-backend\\src\\utils\\app.error.ts:14:11)\n    at AuthService.<anonymous> (C:\\Hanif (Penting)\\PURWADHIKA\\final-project\\final-project-backend\\src\\modules\\auth\\auth.service.ts:173:26)\n    at Generator.next (<anonymous>)\n    at fulfilled (C:\\Hanif (Penting)\\PURWADHIKA\\final-project\\final-project-backend\\src\\modules\\auth\\auth.service.ts:5:58)",
  "path": "/api/auth/customer/set-password/0522c7dcea6712799f261d3f4a0a8c0593f4c1cfdefc4521a0597670d31e3e30",
  "method": "POST",
  "ip": "::1",
  "statusCode": 400
}
[2025-08-28 10:53:19] ERROR: POST /api/auth/customer/login - password must be longer than or equal to 8 characters  {
  "name": "AppError",
  "stack": "AppError: password must be longer than or equal to 8 characters\n    at new AppError (C:\\Hanif (Penting)\\PURWADHIKA\\final-project\\final-project-backend\\src\\utils\\app.error.ts:14:11)\n    at C:\\Hanif (Penting)\\PURWADHIKA\\final-project\\final-project-backend\\src\\middlewares\\validate.middleware.ts:18:13\n    at Generator.next (<anonymous>)\n    at fulfilled (C:\\Hanif (Penting)\\PURWADHIKA\\final-project\\final-project-backend\\src\\middlewares\\validate.middleware.ts:5:58)\n    at processTicksAndRejections (node:internal/process/task_queues:105:5)",
  "path": "/api/auth/customer/login",
  "method": "POST",
  "ip": "::1",
  "statusCode": 400
}
[2025-08-28 10:55:54] ERROR: POST /api/auth/customer/login - password must be longer than or equal to 8 characters  {
  "name": "AppError",
  "stack": "AppError: password must be longer than or equal to 8 characters\n    at new AppError (C:\\Hanif (Penting)\\PURWADHIKA\\final-project\\final-project-backend\\src\\utils\\app.error.ts:14:11)\n    at C:\\Hanif (Penting)\\PURWADHIKA\\final-project\\final-project-backend\\src\\middlewares\\validate.middleware.ts:18:13\n    at Generator.next (<anonymous>)\n    at fulfilled (C:\\Hanif (Penting)\\PURWADHIKA\\final-project\\final-project-backend\\src\\middlewares\\validate.middleware.ts:5:58)\n    at processTicksAndRejections (node:internal/process/task_queues:105:5)",
  "path": "/api/auth/customer/login",
  "method": "POST",
  "ip": "::1",
  "statusCode": 400
}
[2025-08-28 10:55:58] ERROR: POST /api/auth/customer/login - Invalid email or password.  {
  "name": "AppError",
  "stack": "AppError: Invalid email or password.\n    at new AppError (C:\\Hanif (Penting)\\PURWADHIKA\\final-project\\final-project-backend\\src\\utils\\app.error.ts:14:11)\n    at AuthService.<anonymous> (C:\\Hanif (Penting)\\PURWADHIKA\\final-project\\final-project-backend\\src\\modules\\auth\\auth.service.ts:220:34)\n    at Generator.next (<anonymous>)\n    at fulfilled (C:\\Hanif (Penting)\\PURWADHIKA\\final-project\\final-project-backend\\src\\modules\\auth\\auth.service.ts:5:58)",
  "path": "/api/auth/customer/login",
  "method": "POST",
  "ip": "::1",
  "statusCode": 401
}
[2025-08-28 10:58:38] ERROR: POST /api/auth/customer/login - password must be longer than or equal to 8 characters  {
  "name": "AppError",
  "stack": "AppError: password must be longer than or equal to 8 characters\n    at new AppError (C:\\Hanif (Penting)\\PURWADHIKA\\final-project\\final-project-backend\\src\\utils\\app.error.ts:14:11)\n    at C:\\Hanif (Penting)\\PURWADHIKA\\final-project\\final-project-backend\\src\\middlewares\\validate.middleware.ts:18:13\n    at Generator.next (<anonymous>)\n    at fulfilled (C:\\Hanif (Penting)\\PURWADHIKA\\final-project\\final-project-backend\\src\\middlewares\\validate.middleware.ts:5:58)\n    at processTicksAndRejections (node:internal/process/task_queues:105:5)",
  "path": "/api/auth/customer/login",
  "method": "POST",
  "ip": "::1",
  "statusCode": 400
}
[2025-08-28 11:01:04] ERROR: POST /api/auth/customer/login - password must be longer than or equal to 8 characters  {
  "name": "AppError",
  "stack": "AppError: password must be longer than or equal to 8 characters\n    at new AppError (C:\\Hanif (Penting)\\PURWADHIKA\\final-project\\final-project-backend\\src\\utils\\app.error.ts:14:11)\n    at C:\\Hanif (Penting)\\PURWADHIKA\\final-project\\final-project-backend\\src\\middlewares\\validate.middleware.ts:18:13\n    at Generator.next (<anonymous>)\n    at fulfilled (C:\\Hanif (Penting)\\PURWADHIKA\\final-project\\final-project-backend\\src\\middlewares\\validate.middleware.ts:5:58)\n    at processTicksAndRejections (node:internal/process/task_queues:105:5)",
  "path": "/api/auth/customer/login",
  "method": "POST",
  "ip": "::1",
  "statusCode": 400
}
[2025-08-28 11:01:15] ERROR: POST /api/auth/customer/login - password must be longer than or equal to 8 characters  {
  "name": "AppError",
  "stack": "AppError: password must be longer than or equal to 8 characters\n    at new AppError (C:\\Hanif (Penting)\\PURWADHIKA\\final-project\\final-project-backend\\src\\utils\\app.error.ts:14:11)\n    at C:\\Hanif (Penting)\\PURWADHIKA\\final-project\\final-project-backend\\src\\middlewares\\validate.middleware.ts:18:13\n    at Generator.next (<anonymous>)\n    at fulfilled (C:\\Hanif (Penting)\\PURWADHIKA\\final-project\\final-project-backend\\src\\middlewares\\validate.middleware.ts:5:58)\n    at processTicksAndRejections (node:internal/process/task_queues:105:5)",
  "path": "/api/auth/customer/login",
  "method": "POST",
  "ip": "::1",
  "statusCode": 400
}
[2025-08-28 11:01:48] ERROR: POST /api/auth/customer/login - Password is required!  {
  "name": "AppError",
  "stack": "AppError: Password is required!\n    at new AppError (C:\\Hanif (Penting)\\PURWADHIKA\\final-project\\final-project-backend\\src\\utils\\app.error.ts:14:11)\n    at AuthService.<anonymous> (C:\\Hanif (Penting)\\PURWADHIKA\\final-project\\final-project-backend\\src\\modules\\auth\\auth.service.ts:199:26)\n    at Generator.next (<anonymous>)\n    at C:\\Hanif (Penting)\\PURWADHIKA\\final-project\\final-project-backend\\src\\modules\\auth\\auth.service.ts:8:71\n    at new Promise (<anonymous>)\n    at __awaiter (C:\\Hanif (Penting)\\PURWADHIKA\\final-project\\final-project-backend\\src\\modules\\auth\\auth.service.ts:4:12)\n    at AuthService.customerLogin (C:\\Hanif (Penting)\\PURWADHIKA\\final-project\\final-project-backend\\src\\modules\\auth\\auth.service.ts:196:18)\n    at AuthController.<anonymous> (C:\\Hanif (Penting)\\PURWADHIKA\\final-project\\final-project-backend\\src\\modules\\auth\\auth.controller.ts:54:43)\n    at Generator.next (<anonymous>)\n    at C:\\Hanif (Penting)\\PURWADHIKA\\final-project\\final-project-backend\\src\\modules\\auth\\auth.controller.ts:8:71",
  "path": "/api/auth/customer/login",
  "method": "POST",
  "ip": "::1",
  "statusCode": 400
}
[2025-08-28 11:02:05] ERROR: POST /api/auth/customer/login - password must be a string  {
  "name": "AppError",
  "stack": "AppError: password must be a string\n    at new AppError (C:\\Hanif (Penting)\\PURWADHIKA\\final-project\\final-project-backend\\src\\utils\\app.error.ts:14:11)\n    at C:\\Hanif (Penting)\\PURWADHIKA\\final-project\\final-project-backend\\src\\middlewares\\validate.middleware.ts:18:13\n    at Generator.next (<anonymous>)\n    at fulfilled (C:\\Hanif (Penting)\\PURWADHIKA\\final-project\\final-project-backend\\src\\middlewares\\validate.middleware.ts:5:58)\n    at processTicksAndRejections (node:internal/process/task_queues:105:5)",
  "path": "/api/auth/customer/login",
  "method": "POST",
  "ip": "::1",
  "statusCode": 400
}
[2025-08-28 13:00:15] WARN: 404 Not Found  {
  "method": "POST",
  "path": "/api/auth/customer/reset-password-by/0be9bbdfa36ba3c286d279b70a1e7178311c49a13a414b2417991d5f3347819b",
  "ip": "::1"
}
[2025-08-28 13:01:22] ERROR: POST /api/auth/customer/reset-password-by/1d414a11edce819c3d6ba1f4256c7246dab73ee0803c1904b9202ae66987ea84 - Invalid or expired token!  {
  "name": "AppError",
  "stack": "AppError: Invalid or expired token!\n    at new AppError (C:\\Hanif (Penting)\\PURWADHIKA\\final-project\\final-project-backend\\src\\utils\\app.error.ts:14:11)\n    at AuthService.<anonymous> (C:\\Hanif (Penting)\\PURWADHIKA\\final-project\\final-project-backend\\src\\modules\\auth\\auth.service.ts:306:13)\n    at Generator.next (<anonymous>)\n    at fulfilled (C:\\Hanif (Penting)\\PURWADHIKA\\final-project\\final-project-backend\\src\\modules\\auth\\auth.service.ts:5:58)",
  "path": "/api/auth/customer/reset-password-by/1d414a11edce819c3d6ba1f4256c7246dab73ee0803c1904b9202ae66987ea84",
  "method": "POST",
  "ip": "::1",
  "statusCode": 400
}
[2025-08-28 13:01:41] ERROR: POST /api/auth/customer/reset-password-by/bc37b27fcfa741611e2e3931cc16f4b35ac035e2d02855ab54d55f07e66ea93a - New password cant be the same as old password!  {
  "name": "AppError",
  "stack": "AppError: New password cant be the same as old password!\n    at new AppError (C:\\Hanif (Penting)\\PURWADHIKA\\final-project\\final-project-backend\\src\\utils\\app.error.ts:14:11)\n    at AuthService.<anonymous> (C:\\Hanif (Penting)\\PURWADHIKA\\final-project\\final-project-backend\\src\\modules\\auth\\auth.service.ts:314:13)\n    at Generator.next (<anonymous>)\n    at fulfilled (C:\\Hanif (Penting)\\PURWADHIKA\\final-project\\final-project-backend\\src\\modules\\auth\\auth.service.ts:5:58)",
  "path": "/api/auth/customer/reset-password-by/bc37b27fcfa741611e2e3931cc16f4b35ac035e2d02855ab54d55f07e66ea93a",
  "method": "POST",
  "ip": "::1",
  "statusCode": 400
}
[2025-08-28 17:22:13] ERROR: POST /api/auth/customer/login - Invalid email or password.  {
  "name": "AppError",
  "stack": "AppError: Invalid email or password.\n    at new AppError (C:\\Hanif (Penting)\\PURWADHIKA\\final-project\\final-project-backend\\src\\utils\\app.error.ts:14:11)\n    at AuthService.<anonymous> (C:\\Hanif (Penting)\\PURWADHIKA\\final-project\\final-project-backend\\src\\modules\\auth\\auth.service.ts:219:13)\n    at Generator.next (<anonymous>)\n    at fulfilled (C:\\Hanif (Penting)\\PURWADHIKA\\final-project\\final-project-backend\\src\\modules\\auth\\auth.service.ts:5:58)",
  "path": "/api/auth/customer/login",
  "method": "POST",
  "ip": "::1",
  "statusCode": 401
}
