[2025-08-05 12:06:36] ERROR: POST /api/samples - Sample data is not found  {
  "name": "AppError",
  "stack": "AppError: Sample data is not found\n    at new AppError (D:\\Workspace\\minpro-finpro\\pwd-template-api\\src\\utils\\app.error.ts:14:11)\n    at SampleController.<anonymous> (D:\\Workspace\\minpro-finpro\\pwd-template-api\\src\\controllers\\sample.controller.ts:24:30)\n    at Generator.next (<anonymous>)\n    at fulfilled (D:\\Workspace\\minpro-finpro\\pwd-template-api\\src\\controllers\\sample.controller.ts:5:58)\n    at processTicksAndRejections (node:internal/process/task_queues:95:5)",
  "path": "/api/samples",
  "method": "POST",
  "ip": "::1",
  "statusCode": 404
}
[2025-08-26 20:51:35] ERROR: POST /api/auth/customer/register - Failed to send email. Account creation aborted  {
  "name": "AppError",
  "stack": "AppError: Failed to send email. Account creation aborted\n    at new AppError (C:\\Hanif (Penting)\\PURWADHIKA\\final-project\\final-project-backend\\src\\utils\\app.error.ts:14:11)\n    at AuthService.<anonymous> (C:\\Hanif (Penting)\\PURWADHIKA\\final-project\\final-project-backend\\src\\modules\\auth\\auth.service.ts:90:13)\n    at Generator.next (<anonymous>)\n    at fulfilled (C:\\Hanif (Penting)\\PURWADHIKA\\final-project\\final-project-backend\\src\\modules\\auth\\auth.service.ts:5:58)",
  "path": "/api/auth/customer/register",
  "method": "POST",
  "ip": "::1",
  "statusCode": 500
}
[2025-08-26 20:53:32] ERROR: POST /api/auth/customer/register - Failed to send email. Account creation aborted  {
  "name": "AppError",
  "stack": "AppError: Failed to send email. Account creation aborted\n    at new AppError (C:\\Hanif (Penting)\\PURWADHIKA\\final-project\\final-project-backend\\src\\utils\\app.error.ts:14:11)\n    at AuthService.<anonymous> (C:\\Hanif (Penting)\\PURWADHIKA\\final-project\\final-project-backend\\src\\modules\\auth\\auth.service.ts:90:13)\n    at Generator.next (<anonymous>)\n    at fulfilled (C:\\Hanif (Penting)\\PURWADHIKA\\final-project\\final-project-backend\\src\\modules\\auth\\auth.service.ts:5:58)",
  "path": "/api/auth/customer/register",
  "method": "POST",
  "ip": "::1",
  "statusCode": 500
}
[2025-08-26 20:53:46] ERROR: POST /api/auth/customer/register - Failed to send email. Account creation aborted  {
  "name": "AppError",
  "stack": "AppError: Failed to send email. Account creation aborted\n    at new AppError (C:\\Hanif (Penting)\\PURWADHIKA\\final-project\\final-project-backend\\src\\utils\\app.error.ts:14:11)\n    at AuthService.<anonymous> (C:\\Hanif (Penting)\\PURWADHIKA\\final-project\\final-project-backend\\src\\modules\\auth\\auth.service.ts:90:13)\n    at Generator.next (<anonymous>)\n    at fulfilled (C:\\Hanif (Penting)\\PURWADHIKA\\final-project\\final-project-backend\\src\\modules\\auth\\auth.service.ts:5:58)",
  "path": "/api/auth/customer/register",
  "method": "POST",
  "ip": "::1",
  "statusCode": 500
}
[2025-08-26 22:17:22] ERROR: POST /api/auth/customer/resend - Email is not found!  {
  "name": "AppError",
  "stack": "AppError: Email is not found!\n    at new AppError (C:\\Hanif (Penting)\\PURWADHIKA\\final-project\\final-project-backend\\src\\utils\\app.error.ts:14:11)\n    at AuthService.<anonymous> (C:\\Hanif (Penting)\\PURWADHIKA\\final-project\\final-project-backend\\src\\modules\\auth\\auth.service.ts:101:26)\n    at Generator.next (<anonymous>)\n    at fulfilled (C:\\Hanif (Penting)\\PURWADHIKA\\final-project\\final-project-backend\\src\\modules\\auth\\auth.service.ts:5:58)",
  "path": "/api/auth/customer/resend",
  "method": "POST",
  "ip": "::1",
  "statusCode": 400
}
[2025-08-27 17:28:07] ERROR: POST /api/auth/customer/register - Email already registered & verified  {
  "name": "AppError",
  "stack": "AppError: Email already registered & verified\n    at new AppError (C:\\Hanif (Penting)\\PURWADHIKA\\final-project\\final-project-backend\\src\\utils\\app.error.ts:14:11)\n    at AuthService.<anonymous> (C:\\Hanif (Penting)\\PURWADHIKA\\final-project\\final-project-backend\\src\\modules\\auth\\auth.service.ts:31:13)\n    at Generator.next (<anonymous>)\n    at fulfilled (C:\\Hanif (Penting)\\PURWADHIKA\\final-project\\final-project-backend\\src\\modules\\auth\\auth.service.ts:5:58)",
  "path": "/api/auth/customer/register",
  "method": "POST",
  "ip": "::1",
  "statusCode": 400
}
[2025-08-27 20:11:48] ERROR: POST /api/auth/customer/google - Internal server error. Please try again later!  {
  "name": "Error",
  "stack": "Error: The verifyIdToken method requires an ID Token\n    at OAuth2Client.verifyIdTokenAsync (C:\\Hanif (Penting)\\PURWADHIKA\\final-project\\final-project-backend\\node_modules\\google-auth-library\\build\\src\\auth\\oauth2client.js:538:19)\n    at OAuth2Client.verifyIdToken (C:\\Hanif (Penting)\\PURWADHIKA\\final-project\\final-project-backend\\node_modules\\google-auth-library\\build\\src\\auth\\oauth2client.js:533:25)\n    at GoogleService.<anonymous> (C:\\Hanif (Penting)\\PURWADHIKA\\final-project\\final-project-backend\\src\\modules\\auth\\oauth\\google.service.ts:15:38)\n    at Generator.next (<anonymous>)\n    at C:\\Hanif (Penting)\\PURWADHIKA\\final-project\\final-project-backend\\src\\modules\\auth\\oauth\\google.service.ts:8:71\n    at new Promise (<anonymous>)\n    at __awaiter (C:\\Hanif (Penting)\\PURWADHIKA\\final-project\\final-project-backend\\src\\modules\\auth\\oauth\\google.service.ts:4:12)\n    at GoogleService.googleLoginRegister (C:\\Hanif (Penting)\\PURWADHIKA\\final-project\\final-project-backend\\src\\modules\\auth\\oauth\\google.service.ts:14:51)\n    at AuthController.<anonymous> (C:\\Hanif (Penting)\\PURWADHIKA\\final-project\\final-project-backend\\src\\modules\\auth\\auth.controller.ts:25:45)\n    at Generator.next (<anonymous>)",
  "path": "/api/auth/customer/google",
  "method": "POST",
  "ip": "::1",
  "statusCode": 500
}
[2025-08-27 20:12:40] ERROR: POST /api/auth/customer/google - Internal server error. Please try again later!  {
  "name": "Error",
  "stack": "Error: The verifyIdToken method requires an ID Token\n    at OAuth2Client.verifyIdTokenAsync (C:\\Hanif (Penting)\\PURWADHIKA\\final-project\\final-project-backend\\node_modules\\google-auth-library\\build\\src\\auth\\oauth2client.js:538:19)\n    at OAuth2Client.verifyIdToken (C:\\Hanif (Penting)\\PURWADHIKA\\final-project\\final-project-backend\\node_modules\\google-auth-library\\build\\src\\auth\\oauth2client.js:533:25)\n    at GoogleService.<anonymous> (C:\\Hanif (Penting)\\PURWADHIKA\\final-project\\final-project-backend\\src\\modules\\auth\\oauth\\google.service.ts:15:38)\n    at Generator.next (<anonymous>)\n    at C:\\Hanif (Penting)\\PURWADHIKA\\final-project\\final-project-backend\\src\\modules\\auth\\oauth\\google.service.ts:8:71\n    at new Promise (<anonymous>)\n    at __awaiter (C:\\Hanif (Penting)\\PURWADHIKA\\final-project\\final-project-backend\\src\\modules\\auth\\oauth\\google.service.ts:4:12)\n    at GoogleService.googleLoginRegister (C:\\Hanif (Penting)\\PURWADHIKA\\final-project\\final-project-backend\\src\\modules\\auth\\oauth\\google.service.ts:14:51)\n    at AuthController.<anonymous> (C:\\Hanif (Penting)\\PURWADHIKA\\final-project\\final-project-backend\\src\\modules\\auth\\auth.controller.ts:25:45)\n    at Generator.next (<anonymous>)",
  "path": "/api/auth/customer/google",
  "method": "POST",
  "ip": "::1",
  "statusCode": 500
}
[2025-08-27 21:23:59] ERROR: POST /api/auth/customer/google - Internal server error. Please try again later!  {
  "name": "Error",
  "stack": "Error: Wrong recipient, payload audience != requiredAudience\n    at OAuth2Client.verifySignedJwtWithCertsAsync (C:\\Hanif (Penting)\\PURWADHIKA\\final-project\\final-project-backend\\node_modules\\google-auth-library\\build\\src\\auth\\oauth2client.js:787:23)\n    at processTicksAndRejections (node:internal/process/task_queues:105:5)\n    at async OAuth2Client.verifyIdTokenAsync (C:\\Hanif (Penting)\\PURWADHIKA\\final-project\\final-project-backend\\node_modules\\google-auth-library\\build\\src\\auth\\oauth2client.js:541:23)",
  "path": "/api/auth/customer/google",
  "method": "POST",
  "ip": "::1",
  "statusCode": 500
}
[2025-08-27 21:24:17] ERROR: POST /api/auth/customer/google - Internal server error. Please try again later!  {
  "name": "Error",
  "stack": "Error: Wrong recipient, payload audience != requiredAudience\n    at OAuth2Client.verifySignedJwtWithCertsAsync (C:\\Hanif (Penting)\\PURWADHIKA\\final-project\\final-project-backend\\node_modules\\google-auth-library\\build\\src\\auth\\oauth2client.js:787:23)\n    at processTicksAndRejections (node:internal/process/task_queues:105:5)\n    at async OAuth2Client.verifyIdTokenAsync (C:\\Hanif (Penting)\\PURWADHIKA\\final-project\\final-project-backend\\node_modules\\google-auth-library\\build\\src\\auth\\oauth2client.js:541:23)",
  "path": "/api/auth/customer/google",
  "method": "POST",
  "ip": "::1",
  "statusCode": 500
}
[2025-08-27 21:24:25] ERROR: POST /api/auth/customer/google - Internal server error. Please try again later!  {
  "name": "Error",
  "stack": "Error: Wrong recipient, payload audience != requiredAudience\n    at OAuth2Client.verifySignedJwtWithCertsAsync (C:\\Hanif (Penting)\\PURWADHIKA\\final-project\\final-project-backend\\node_modules\\google-auth-library\\build\\src\\auth\\oauth2client.js:787:23)\n    at processTicksAndRejections (node:internal/process/task_queues:105:5)\n    at async OAuth2Client.verifyIdTokenAsync (C:\\Hanif (Penting)\\PURWADHIKA\\final-project\\final-project-backend\\node_modules\\google-auth-library\\build\\src\\auth\\oauth2client.js:541:23)",
  "path": "/api/auth/customer/google",
  "method": "POST",
  "ip": "::1",
  "statusCode": 500
}
[2025-08-27 21:24:45] ERROR: POST /api/auth/customer/google - Internal server error. Please try again later!  {
  "name": "Error",
  "stack": "Error: Wrong recipient, payload audience != requiredAudience\n    at OAuth2Client.verifySignedJwtWithCertsAsync (C:\\Hanif (Penting)\\PURWADHIKA\\final-project\\final-project-backend\\node_modules\\google-auth-library\\build\\src\\auth\\oauth2client.js:787:23)\n    at processTicksAndRejections (node:internal/process/task_queues:105:5)\n    at async OAuth2Client.verifyIdTokenAsync (C:\\Hanif (Penting)\\PURWADHIKA\\final-project\\final-project-backend\\node_modules\\google-auth-library\\build\\src\\auth\\oauth2client.js:541:23)",
  "path": "/api/auth/customer/google",
  "method": "POST",
  "ip": "::1",
  "statusCode": 500
}
[2025-08-27 21:25:00] ERROR: POST /api/auth/customer/google - Internal server error. Please try again later!  {
  "name": "Error",
  "stack": "Error: Wrong recipient, payload audience != requiredAudience\n    at OAuth2Client.verifySignedJwtWithCertsAsync (C:\\Hanif (Penting)\\PURWADHIKA\\final-project\\final-project-backend\\node_modules\\google-auth-library\\build\\src\\auth\\oauth2client.js:787:23)\n    at processTicksAndRejections (node:internal/process/task_queues:105:5)\n    at async OAuth2Client.verifyIdTokenAsync (C:\\Hanif (Penting)\\PURWADHIKA\\final-project\\final-project-backend\\node_modules\\google-auth-library\\build\\src\\auth\\oauth2client.js:541:23)",
  "path": "/api/auth/customer/google",
  "method": "POST",
  "ip": "::1",
  "statusCode": 500
}
[2025-08-27 21:25:05] ERROR: POST /api/auth/customer/google - Google ID token is required  {
  "name": "AppError",
  "stack": "AppError: Google ID token is required\n    at new AppError (C:\\Hanif (Penting)\\PURWADHIKA\\final-project\\final-project-backend\\src\\utils\\app.error.ts:14:11)\n    at AuthController.<anonymous> (C:\\Hanif (Penting)\\PURWADHIKA\\final-project\\final-project-backend\\src\\modules\\auth\\auth.controller.ts:29:25)\n    at Generator.next (<anonymous>)\n    at C:\\Hanif (Penting)\\PURWADHIKA\\final-project\\final-project-backend\\src\\modules\\auth\\auth.controller.ts:8:71\n    at new Promise (<anonymous>)\n    at __awaiter (C:\\Hanif (Penting)\\PURWADHIKA\\final-project\\final-project-backend\\src\\modules\\auth\\auth.controller.ts:4:12)\n    at AuthController.googleLoginRegister (C:\\Hanif (Penting)\\PURWADHIKA\\final-project\\final-project-backend\\src\\modules\\auth\\auth.controller.ts:24:63)\n    at Layer.handleRequest (C:\\Hanif (Penting)\\PURWADHIKA\\final-project\\final-project-backend\\node_modules\\router\\lib\\layer.js:152:17)\n    at next (C:\\Hanif (Penting)\\PURWADHIKA\\final-project\\final-project-backend\\node_modules\\router\\lib\\route.js:157:13)\n    at C:\\Hanif (Penting)\\PURWADHIKA\\final-project\\final-project-backend\\src\\middlewares\\validate.middleware.ts:21:5",
  "path": "/api/auth/customer/google",
  "method": "POST",
  "ip": "::1",
  "statusCode": 400
}
[2025-08-27 21:25:09] ERROR: POST /api/auth/customer/google - Internal server error. Please try again later!  {
  "name": "Error",
  "stack": "Error: Wrong recipient, payload audience != requiredAudience\n    at OAuth2Client.verifySignedJwtWithCertsAsync (C:\\Hanif (Penting)\\PURWADHIKA\\final-project\\final-project-backend\\node_modules\\google-auth-library\\build\\src\\auth\\oauth2client.js:787:23)\n    at processTicksAndRejections (node:internal/process/task_queues:105:5)\n    at async OAuth2Client.verifyIdTokenAsync (C:\\Hanif (Penting)\\PURWADHIKA\\final-project\\final-project-backend\\node_modules\\google-auth-library\\build\\src\\auth\\oauth2client.js:541:23)",
  "path": "/api/auth/customer/google",
  "method": "POST",
  "ip": "::1",
  "statusCode": 500
}
[2025-08-27 21:25:22] ERROR: POST /api/auth/customer/google - Internal server error. Please try again later!  {
  "name": "Error",
  "stack": "Error: Wrong recipient, payload audience != requiredAudience\n    at OAuth2Client.verifySignedJwtWithCertsAsync (C:\\Hanif (Penting)\\PURWADHIKA\\final-project\\final-project-backend\\node_modules\\google-auth-library\\build\\src\\auth\\oauth2client.js:787:23)\n    at processTicksAndRejections (node:internal/process/task_queues:105:5)\n    at async OAuth2Client.verifyIdTokenAsync (C:\\Hanif (Penting)\\PURWADHIKA\\final-project\\final-project-backend\\node_modules\\google-auth-library\\build\\src\\auth\\oauth2client.js:541:23)",
  "path": "/api/auth/customer/google",
  "method": "POST",
  "ip": "::1",
  "statusCode": 500
}
[2025-08-27 21:25:59] ERROR: POST /api/auth/customer/google - Internal server error. Please try again later!  {
  "name": "Error",
  "stack": "Error: Wrong recipient, payload audience != requiredAudience\n    at OAuth2Client.verifySignedJwtWithCertsAsync (C:\\Hanif (Penting)\\PURWADHIKA\\final-project\\final-project-backend\\node_modules\\google-auth-library\\build\\src\\auth\\oauth2client.js:787:23)\n    at processTicksAndRejections (node:internal/process/task_queues:105:5)\n    at async OAuth2Client.verifyIdTokenAsync (C:\\Hanif (Penting)\\PURWADHIKA\\final-project\\final-project-backend\\node_modules\\google-auth-library\\build\\src\\auth\\oauth2client.js:541:23)",
  "path": "/api/auth/customer/google",
  "method": "POST",
  "ip": "::1",
  "statusCode": 500
}
[2025-08-27 21:31:14] ERROR: POST /api/auth/customer/register - email must be an email  {
  "name": "AppError",
  "stack": "AppError: email must be an email\n    at new AppError (C:\\Hanif (Penting)\\PURWADHIKA\\final-project\\final-project-backend\\src\\utils\\app.error.ts:14:11)\n    at C:\\Hanif (Penting)\\PURWADHIKA\\final-project\\final-project-backend\\src\\middlewares\\validate.middleware.ts:18:13\n    at Generator.next (<anonymous>)\n    at fulfilled (C:\\Hanif (Penting)\\PURWADHIKA\\final-project\\final-project-backend\\src\\middlewares\\validate.middleware.ts:5:58)\n    at processTicksAndRejections (node:internal/process/task_queues:105:5)",
  "path": "/api/auth/customer/register",
  "method": "POST",
  "ip": "::1",
  "statusCode": 400
}
[2025-08-27 21:31:22] ERROR: POST /api/auth/customer/register - Email already registered & verified  {
  "name": "AppError",
  "stack": "AppError: Email already registered & verified\n    at new AppError (C:\\Hanif (Penting)\\PURWADHIKA\\final-project\\final-project-backend\\src\\utils\\app.error.ts:14:11)\n    at AuthService.<anonymous> (C:\\Hanif (Penting)\\PURWADHIKA\\final-project\\final-project-backend\\src\\modules\\auth\\auth.service.ts:31:13)\n    at Generator.next (<anonymous>)\n    at fulfilled (C:\\Hanif (Penting)\\PURWADHIKA\\final-project\\final-project-backend\\src\\modules\\auth\\auth.service.ts:5:58)",
  "path": "/api/auth/customer/register",
  "method": "POST",
  "ip": "::1",
  "statusCode": 400
}
